results_file: test_results.json
using port 49429
results_file: test_results.json
using port 49451
results_file: test_results.json
using port 49473
results_file: test_results.json
using port 49495
results_file: test_results.json
using port 49517
results_file: test_results.json
using port 49539
results_file: test_results.json
using port 49563
results_file: test_results.json
using port 49585
results_file: test_results.json
using port 49643
results_file: test_results.json
using port 49667
results_file: test_results.json
using port 49695
results_file: test_results.json
using port 49767
testing: connecta2 1
installing connecta2
testing: connecta2 2
installing connecta2
launching
launched
testing: whatsapp-firefox-os 1
installing whatsapp-firefox-os
testing: whatsapp-firefox-os 2
installing whatsapp-firefox-os
launching
launched
testing: loqui 1
installing loqui
launching
launched
testing: loqui 2
launching
launched
testing: line 1
installing line
launching
launched
testing: line 2
launching
launched
testing: facebook-1 1
installing facebook-1
launching
launched
testing: facebook-1 2
launching
launched
testing: msgme 1
installing msgme
testing: msgme 2
installing msgme
testing: pacman-canvas 1
installing pacman-canvas
Marionette script error: StaleElementException: Stale element reference
 running next test
restarting
rebooting
forwarding
using port 49832
testing: pacman-canvas 2
installing pacman-canvas
Marionette script error: MarionetteException: Error loading page
 running next test
restarting
rebooting
forwarding
using port 49851
testing: soundcloud 1
installing soundcloud
launching
launched
testing: soundcloud 2
launching
launched
testing: youzeek 1
installing youzeek
launching
testing: youzeek 2
launching
testing: penguin-pop 1
installing penguin-pop
launching
launched
testing: penguin-pop 2
launching
launched
testing: wonderful-wallpaper 1
installing wonderful-wallpaper
launching
launched
testing: wonderful-wallpaper 2
launching
launched
testing: cut-the-rope 1
installing cut-the-rope
launching
testing: cut-the-rope 2
launching
launched
testing: twitter 1
installing twitter
launching
launched
testing: twitter 2
launching
launched
testing: zombie-apocalypse 1
installing zombie-apocalypse
launching
launched
testing: zombie-apocalypse 2
launching
launched
testing: slice-fruits 1
installing slice-fruits
launching
launched
testing: slice-fruits 2
launching
launched
testing: pasjanssolitaire 1
installing pasjanssolitaire
launching
testing: pasjanssolitaire 2
launching
testing: piano 1
Marionette script error: NoSuchElementException: Unable to locate element: body
 running next test
restarting
rebooting
forwarding
using port 49955
testing: piano 2
installing piano
launching
launched
testing: candy-crush 1
installing candy-crush
launching
launched
testing: candy-crush 2
launching
launched
testing: steel-story 1
installing steel-story
launching
launched
testing: steel-story 2
launching
launched
testing: youtube-1 1
installing youtube-1
launching
launched
testing: youtube-1 2
launching
launched
testing: aircombat 1
installing aircombat
launching
launched
testing: aircombat 2
launching
launched
testing: file-manager 1
installing file-manager
launching
launched
testing: file-manager 2
launching
launched
testing: calculator 1
installing calculator
launching
launched
testing: calculator 2
launching
launched
testing: pulse 1
installing pulse
launching
launched
testing: pulse 2
launching
launched
testing: interactive-firefox-logo 1
installing interactive-firefox-logo
launching
launched
testing: interactive-firefox-logo 2
launching
launched
testing: jolicloud 1
installing jolicloud
launching
launched
testing: jolicloud 2
launching
launched
testing: translator 1
installing translator
launching
launched
testing: translator 2
launching
launched
testing: geeklvl 1
installing geeklvl
launching
launched
testing: geeklvl 2
launching
launched
testing: rooftops 1
installing rooftops
launching
launched
testing: rooftops 2
launching
launched
testing: music-graph-1 1
installing music-graph-1
launching
launched
testing: music-graph-1 2
launching
launched
testing: aviary 1
installing aviary
launching
launched
testing: aviary 2
launching
launched
testing: chess-1 1
installing chess-1
launching
launched
testing: chess-1 2
launching
launched
testing: duckshooting 1
installing duckshooting
launching
testing: duckshooting 2
launching
launched
testing: wikipedia 1
installing wikipedia
launching
launched
testing: wikipedia 2
launching
launched
testing: flashlight-linterna 1
installing flashlight-linterna
launching
launched
testing: flashlight-linterna 2
launching
launched
testing: blockedcar 1
installing blockedcar
launching
testing: blockedcar 2
launching
launched
testing: blozzle 1
installing blozzle
launching
launched
testing: blozzle 2
launching
launched
testing: pathuku 1
installing pathuku
launching
launched
testing: pathuku 2
launching
launched
testing: qr-scanner 1
installing qr-scanner
launching
launched
testing: qr-scanner 2
launching
launched
testing: ahorcado 1
installing ahorcado
launching
launched
testing: ahorcado 2
launching
launched
testing: jewels 1
installing jewels
launching
launched
testing: jewels 2
launching
launched
testing: explorer 1
installing explorer
launching
launched
testing: explorer 2
launching
launched
testing: goldnuggets 1
installing goldnuggets
launching
testing: goldnuggets 2
launching
testing: jumping-marcelo 1
connection error occurred, restarting [Errno 32] Broken pipe: Connection to Marionette server is lost. Check gecko.log (desktop firefox) or logcat (b2g) for errors.
rebooting
forwarding
using port 50197
testing: jumping-marcelo 2
installing jumping-marcelo
launching
launched
testing: aftereffects 1
installing aftereffects
launching
launched
testing: aftereffects 2
launching
launched
testing: pdf-viewer 1
installing pdf-viewer
launching
launched
testing: pdf-viewer 2
launching
launched
testing: 12-games-in-1 1
installing 12-games-in-1
launching
launched
testing: 12-games-in-1 2
launching
launched
testing: badoo 1
installing badoo
launching
testing: badoo 2
launching
testing: age-of-barbarians 1
installing age-of-barbarians
testing: age-of-barbarians 2
installing age-of-barbarians
testing: littlealchemy 1
installing littlealchemy
launching
launched
testing: littlealchemy 2
launching
launched
testing: hora-de-la-aventura 1
installing hora-de-la-aventura
launching
launched
testing: hora-de-la-aventura 2
launching
launched
testing: pipespuzzle 1
installing pipespuzzle
launching
launched
testing: pipespuzzle 2
launching
launched
testing: sd-explorer 1
installing sd-explorer
launching
launched
testing: sd-explorer 2
launching
launched
testing: wallpapers-plus 1
installing wallpapers-plus
launching
launched
testing: wallpapers-plus 2
launching
launched
testing: photofunia 1
installing photofunia
launching
launched
testing: photofunia 2
launching
launched
testing: zmaps 1
installing zmaps
launching
launched
testing: zmaps 2
launching
launched
testing: ibasket 1
installing ibasket
launching
testing: ibasket 2
launching
launched
testing: box 1
installing box
launching
launched
testing: box 2
launching
testing: ufart 1
installing ufart
launching
launched
testing: ufart 2
launching
launched
testing: downtube 1
installing downtube
testing: downtube 2
installing downtube
testing: ringtone-picker 1
installing ringtone-picker
launching
launched
testing: ringtone-picker 2
launching
launched
testing: my-farm 1
installing my-farm
launching
launched
testing: my-farm 2
launching
launched
testing: mundo-firefox-os 1
installing mundo-firefox-os
launching
testing: mundo-firefox-os 2
launching
launched
Marionette script error: InvalidResponseException: Could not communicate with Marionette server. Is the Gecko process still running?
 running next test
restarting
rebooting
forwarding
using port 50374
testing: finger-print 1
installing finger-print
testing: finger-print 2
installing finger-print
testing: aim-point-pool 1
installing aim-point-pool
launching
testing: aim-point-pool 2
launching
testing: tulis-farm 1
installing tulis-farm
launching
launched
testing: tulis-farm 2
launching
launched
testing: tower-jelly 1
installing tower-jelly
launching
launched
testing: tower-jelly 2
launching
launched
testing: buggyfighter 1
installing buggyfighter
launching
launched
testing: buggyfighter 2
launching
launched
testing: dialradio 1
installing dialradio
launching
launched
testing: dialradio 2
launching
launched
testing: water-blast 1
installing water-blast
launching
testing: water-blast 2
connection error occurred, restarting [Errno 54] Connection reset by peer
rebooting
forwarding
using port 50447
testing: cameran 1
installing cameran
testing: cameran 2
installing cameran
testing: folder-player 1
installing folder-player
launching
launched
testing: folder-player 2
launching
launched
testing: bubble-meadow 1
installing bubble-meadow
launching
launched
testing: bubble-meadow 2
launching
launched
testing: antpaint 1
installing antpaint
launching
connection error occurred, restarting TimeoutException: Connection timed out

rebooting
forwarding
using port 50504
testing: antpaint 2
launching
testing: guitar-app 1
installing guitar-app
launching
launched
testing: guitar-app 2
launching
launched
testing: m2s 1
installing m2s
testing: m2s 2
installing m2s
testing: qrcode-generator 1
installing qrcode-generator
Marionette script error: StaleElementException: Stale element reference
 running next test
restarting
rebooting
forwarding
using port 50543
testing: qrcode-generator 2
installing qrcode-generator
testing: lost 1
installing lost
launching
launched
testing: lost 2
launching
launched
testing: sketchbook-squad 1
installing sketchbook-squad
launching
launched
testing: sketchbook-squad 2
launching
launched
testing: start-mobile 1
installing start-mobile
launching
launched
testing: start-mobile 2
launching
launched
testing: gpsdashboard 1
installing gpsdashboard
launching
launched
testing: gpsdashboard 2
launching
launched
testing: battery 1
installing battery
launching
launched
testing: battery 2
launching
launched
testing: word-wars 1
installing word-wars
launching
testing: word-wars 2
launching
testing: rail-rush 1
installing rail-rush
testing: rail-rush 2
installing rail-rush
testing: flappy-birds 1
installing flappy-birds
Marionette script error: StaleElementException: Stale element reference
 running next test
restarting
rebooting
forwarding
using port 50627
testing: flappy-birds 2
installing flappy-birds
testing: domino 1
installing domino
launching
launched
testing: domino 2
launching
launched
testing: gboy-emulator 1
installing gboy-emulator
launching
launched
testing: gboy-emulator 2
launching
launched
testing: notesplus 1
installing notesplus
testing: notesplus 2
installing notesplus
testing: friends-music 1
installing friends-music
launching
launched
testing: friends-music 2
launching
launched
testing: bouncy 1
installing bouncy
launching
launched
Marionette script error: InvalidResponseException: Could not communicate with Marionette server. Is the Gecko process still running?
 running next test
restarting
rebooting
forwarding
using port 50683
testing: bouncy 2
launching
testing: rithm 1
installing rithm
launching
launched
testing: rithm 2
launching
launched
testing: openyoutube 1
installing openyoutube
launching
launched
testing: openyoutube 2
launching
launched
testing: chrono-cash 1
installing chrono-cash
launching
launched
testing: chrono-cash 2
launching
launched
testing: weatherfox 1
installing weatherfox
launching
launched
testing: weatherfox 2
launching
launched
testing: accuweather 1
installing accuweather
launching
testing: accuweather 2
launching
launched
testing: fisherman-fred 1
installing fisherman-fred
launching
launched
testing: fisherman-fred 2
launching
launched
testing: fruits 1
installing fruits
launching
launched
testing: fruits 2
launching
launched
testing: fruit-cut-ninja 1
installing fruit-cut-ninja
launching
launched
testing: fruit-cut-ninja 2
launching
launched
testing: police-lights 1
installing police-lights
launching
launched
testing: police-lights 2
launching
launched
testing: fly-with-my-car 1
installing fly-with-my-car
launching
launched
testing: fly-with-my-car 2
launching
launched
testing: ip 1
installing ip
launching
launched
testing: ip 2
launching
launched
testing: bubbleswap 1
installing bubbleswap
launching
launched
testing: bubbleswap 2
launching
launched
connection error occurred, restarting TimeoutException: Connection timed out

rebooting
forwarding
using port 50804
testing: dots-and-boxes 1
installing dots-and-boxes
launching
launched
testing: dots-and-boxes 2
launching
launched
testing: airport 1
installing airport
launching
launched
testing: airport 2
launching
launched
testing: speed 1
installing speed
launching
launched
testing: speed 2
launching
launched
testing: jongla-im 1
installing jongla-im
launching
testing: jongla-im 2
Marionette script error: MarionetteException: Please start a session
 running next test
restarting
rebooting
forwarding
using port 50851
testing: firetext 1
installing firetext
launching
launched
testing: firetext 2
launching
launched
testing: fooxgle 1
installing fooxgle
testing: fooxgle 2
installing fooxgle
testing: helium-pop 1
installing helium-pop
launching
launched
testing: helium-pop 2
launching
launched
testing: kolko-i-krzyzyk 1
installing kolko-i-krzyzyk
launching
launched
testing: kolko-i-krzyzyk 2
launching
launched
testing: simplempc 1
installing simplempc
launching
launched
testing: simplempc 2
launching
launched
testing: flappy-bird-plus 1
installing flappy-bird-plus
launching
launched
testing: flappy-bird-plus 2
launching
launched
testing: ffos 1
installing ffos
launching
launched
testing: ffos 2
launching
launched
testing: ball-trik 1
installing ball-trik
launching
launched
testing: ball-trik 2
launching
launched
testing: 7digital-music-store 1
installing 7digital-music-store
launching
launched
testing: 7digital-music-store 2
launching
launched
testing: shanghai-mahjong 1
installing shanghai-mahjong
launching
launched
testing: shanghai-mahjong 2
launching
launched
testing: paddle-game 1
installing paddle-game
testing: paddle-game 2
installing paddle-game
testing: paint-1 1
installing paint-1
Marionette script error: StaleElementException: Stale element reference
 running next test
restarting
rebooting
forwarding
using port 50963
testing: paint-1 2
installing paint-1
testing: tuenti 1
installing tuenti
launching
launched
testing: tuenti 2
launching
launched
testing: rormix 1
installing rormix
launching
launched
testing: rormix 2
launching
launched
testing: easy-taxi 1
installing easy-taxi
launching
launched
testing: easy-taxi 2
launching
launched
testing: fox-sports 1
installing fox-sports
launching
launched
testing: fox-sports 2
launching
launched
testing: esviji 1
installing esviji
testing: esviji 2
installing esviji
launching
launched
testing: bottle-shooter 1
installing bottle-shooter
launching
launched
testing: bottle-shooter 2
launching
launched
testing: chat-around 1
installing chat-around
launching
launched
testing: chat-around 2
launching
launched
testing: imagine5 1
installing imagine5
launching
launched
testing: imagine5 2
launching
launched
testing: captain-rogers 1
installing captain-rogers
testing: captain-rogers 2
installing captain-rogers
testing: fc 1
installing fc
Marionette script error: StaleElementException: Stale element reference
 running next test
restarting
rebooting
forwarding
using port 51063
testing: fc 2
installing fc
testing: header-champ 1
installing header-champ
launching
launched
testing: header-champ 2
launching
launched
testing: logo-quiz 1
installing logo-quiz
launching
launched
testing: logo-quiz 2
launching
launched
testing: space-shooter 1
installing space-shooter
launching
testing: space-shooter 2
launching
testing: lihattv 1
Marionette script error: MarionetteException: Please start a session
 running next test
restarting
rebooting
forwarding
using port 51110
testing: lihattv 2
installing lihattv
launching
launched
testing: gps 1
installing gps
launching
launched
testing: gps 2
launching
launched
testing: strandead 1
installing strandead
launching
testing: strandead 2
launching
launched
testing: biblia-almeida 1
installing biblia-almeida
launching
launched
testing: biblia-almeida 2
launching
launched
testing: trolololo 1
installing trolololo
launching
launched
testing: trolololo 2
launching
launched
testing: rotogamesq 1
installing rotogamesq
testing: rotogamesq 2
installing rotogamesq
testing: compass-plus 1
installing compass-plus
Marionette script error: StaleElementException: Stale element reference
 running next test
restarting
rebooting
forwarding
using port 51178
testing: compass-plus 2
installing compass-plus
testing: pinterest 1
installing pinterest
launching
testing: pinterest 2
Marionette script error: MarionetteException: Please start a session
 running next test
restarting
rebooting
forwarding
using port 51205
testing: soundtrip 1
installing soundtrip
testing: soundtrip 2
installing soundtrip
testing: fosnews 1
installing fosnews
Marionette script error: StaleElementException: Stale element reference
 running next test
restarting
rebooting
forwarding
using port 51232
testing: fosnews 2
installing fosnews
testing: taxi-1 1
installing taxi-1
launching
launched
testing: taxi-1 2
launching
launched
testing: the-phone-database 1
installing the-phone-database
launching
launched
testing: the-phone-database 2
launching
launched
testing: line-runner 1
installing line-runner
launching
launched
testing: line-runner 2
launching
launched
testing: importer 1
installing importer
launching
launched
testing: importer 2
launching
launched
testing: penguin-jump 1
installing penguin-jump
launching
launched
testing: penguin-jump 2
launching
launched
testing: snakes-ladders 1
installing snakes-ladders
launching
launched
testing: snakes-ladders 2
launching
launched
testing: 2048~ 1
installing 2048~
launching
launched
testing: 2048~ 2
launching
launched
testing: ninja-moral 1
installing ninja-moral
launching
launched
testing: ninja-moral 2
launching
launched
testing: scary-pinball 1
installing scary-pinball
testing: scary-pinball 2
installing scary-pinball
launching
launched
testing: language-translate 1
installing language-translate
launching
launched
testing: language-translate 2
launching
launched
testing: dictionarycom 1
installing dictionarycom
launching
launched
testing: dictionarycom 2
launching
launched
testing: eight-ball-champion 1
installing eight-ball-champion
launching
launched
testing: eight-ball-champion 2
launching
launched
testing: orbland-free 1
installing orbland-free
launching
launched
testing: orbland-free 2
launching
launched
testing: dictionary 1
installing dictionary
launching
launched
testing: dictionary 2
launching
launched
testing: crazycopter 1
installing crazycopter
launching
launched
testing: crazycopter 2
launching
launched
testing: photo-grid 1
installing photo-grid
launching
launched
testing: photo-grid 2
launching
launched
testing: clock 1
installing clock
launching
launched
Marionette script error: InvalidResponseException: Could not communicate with Marionette server. Is the Gecko process still running?
 running next test
restarting
rebooting
forwarding
using port 51388
testing: clock 2
launching
testing: skate-jumper-1 1
installing skate-jumper-1
launching
launched
testing: skate-jumper-1 2
launching
launched
testing: beet-kit 1
installing beet-kit
launching
launched
testing: beet-kit 2
launching
launched
testing: thesaurus 1
installing thesaurus
launching
launched
testing: thesaurus 2
launching
launched
testing: runs-simpson 1
installing runs-simpson
launching
launched
testing: runs-simpson 2
launching
launched
testing: number-connect 1
installing number-connect
launching
testing: number-connect 2
launching
testing: presefy 1
Marionette script error: NoSuchElementException: Unable to locate element: body
 running next test
restarting
rebooting
forwarding
using port 51451
testing: presefy 2
installing presefy
testing: jocly-kids-1 1
installing jocly-kids-1
launching
launched
testing: jocly-kids-1 2
launching
launched
testing: mon-calendrier-menstruel 1
installing mon-calendrier-menstruel
testing: mon-calendrier-menstruel 2
installing mon-calendrier-menstruel
launching
launched
testing: colorea-princesas 1
installing colorea-princesas
launching
launched
testing: colorea-princesas 2
launching
launched
testing: coloredcats 1
installing coloredcats
launching
launched
testing: coloredcats 2
launching
launched
testing: osbattery 1
installing osbattery
launching
launched
testing: osbattery 2
launching
launched
testing: mobialia-chess-3d 1
installing mobialia-chess-3d
launching
launched
testing: mobialia-chess-3d 2
launching
testing: cheer-up 1
Marionette script error: NoSuchElementException: Unable to locate element: body
 running next test
restarting
rebooting
forwarding
using port 51528
testing: cheer-up 2
installing cheer-up
testing: world-radio-player 1
installing world-radio-player
launching
launched
testing: world-radio-player 2
launching
launched
testing: duck-sounds 1
installing duck-sounds
launching
launched
testing: duck-sounds 2
launching
launched
testing: mata-moscas 1
installing mata-moscas
launching
launched
testing: mata-moscas 2
launching
launched
testing: alpha-explorer 1
installing alpha-explorer
launching
launched
testing: alpha-explorer 2
launching
launched
testing: qr-creator 1
installing qr-creator
launching
launched
testing: qr-creator 2
launching
launched
testing: flappy-bird-retro 1
installing flappy-bird-retro
launching
launched
testing: flappy-bird-retro 2
launching
launched
testing: distancemeter 1
installing distancemeter
launching
launched
testing: distancemeter 2
launching
launched
testing: candle 1
installing candle
launching
launched
testing: candle 2
launching
launched
testing: babel 1
installing babel
testing: babel 2
installing babel
testing: unreadable 1
installing unreadable
launching
testing: unreadable 2
launching
testing: piano5 1
Marionette script error: NoSuchElementException: Unable to locate element: body
 running next test
restarting
rebooting
forwarding
using port 51633
testing: piano5 2
installing piano5
Marionette script error: MarionetteException: Error loading page
 running next test
restarting
rebooting
forwarding
using port 51652
testing: runrecorder 1
installing runrecorder
testing: runrecorder 2
installing runrecorder
testing: rtl2-player 1
installing rtl2-player
launching
launched
testing: rtl2-player 2
launching
launched
testing: sonido-alarmas 1
installing sonido-alarmas
launching
launched
testing: sonido-alarmas 2
launching
launched
testing: djbola 1
installing djbola
launching
launched
testing: djbola 2
launching
launched
testing: jelly-collapse 1
installing jelly-collapse
launching
launched
testing: jelly-collapse 2
launching
launched
testing: ffdoku 1
installing ffdoku
launching
launched
testing: ffdoku 2
launching
launched
testing: mercado-livre 1
installing mercado-livre
launching
launched
testing: mercado-livre 2
launching
launched
testing: bitcasa-1 1
installing bitcasa-1
launching
launched
testing: bitcasa-1 2
launching
launched
testing: internetradio 1
installing internetradio
launching
testing: internetradio 2
launching
testing: lost-at-sea 1
installing lost-at-sea
testing: lost-at-sea 2
installing lost-at-sea
testing: poker-master 1
installing poker-master
launching
launched
testing: poker-master 2
launching
launched
testing: qr-code-scanner-1 1
installing qr-code-scanner-1
launching
launched
testing: qr-code-scanner-1 2
launching
launched
testing: vavideoapp 1
installing vavideoapp
launching
launched
testing: vavideoapp 2
launching
launched
testing: dn-noticias 1
installing dn-noticias
launching
testing: dn-noticias 2
Marionette script error: InvalidResponseException: Could not communicate with Marionette server. Is the Gecko process still running?
 running next test
restarting
rebooting
forwarding
using port 51789
testing: candy_crush 1
installing candy_crush
testing: candy_crush 2
installing candy_crush
testing: tool-box 1
installing tool-box
launching
launched
testing: tool-box 2
launching
launched
testing: rebel-thumb 1
installing rebel-thumb
testing: rebel-thumb 2
installing rebel-thumb
testing: cinex-movil 1
installing cinex-movil
launching
launched
testing: cinex-movil 2
launching
launched
testing: flamita-1 1
installing flamita-1
launching
launched
testing: flamita-1 2
launching
launched
testing: cage-fighter 1
installing cage-fighter
launching
launched
testing: cage-fighter 2
launching
launched
testing: cronómetro-pyrus 1
installing cronómetro-pyrus
launching
launched
testing: cronómetro-pyrus 2
launching
launched
testing: poppit 1
installing poppit
launching
testing: poppit 2
Marionette script error: NoSuchElementException: Unable to locate element: body
 running next test
restarting
rebooting
forwarding
using port 51868
testing: solar-charger 1
installing solar-charger
testing: solar-charger 2
installing solar-charger
testing: epubreader 1
installing epubreader
launching
launched
testing: epubreader 2
launching
launched
testing: magic-monsters 1
installing magic-monsters
launching
testing: magic-monsters 2
launching
launched
testing: folha 1
installing folha
launching
testing: folha 2
launching
testing: instant-buttons-on-fire 1
installing instant-buttons-on-fire
launching
launched
testing: instant-buttons-on-fire 2
launching
launched
testing: colors 1
installing colors
launching
launched
testing: colors 2
launching
launched
testing: google-search 1
installing google-search
launching
launched
testing: google-search 2
launching
launched
testing: brick-breaker-the-challenge 1
installing brick-breaker-the-challenge
launching
testing: brick-breaker-the-challenge 2
Marionette script error: MarionetteException: Please start a session
 running next test
restarting
rebooting
forwarding
using port 51952
testing: mozzle 1
installing mozzle
testing: mozzle 2
installing mozzle
testing: firefox-os-paint 1
installing firefox-os-paint
Marionette script error: StaleElementException: Stale element reference
 running next test
restarting
rebooting
forwarding
using port 51979
testing: firefox-os-paint 2
installing firefox-os-paint
testing: memorygame 1
installing memorygame
launching
launched
testing: memorygame 2
launching
launched
testing: fishing-cat 1
installing fishing-cat
launching
launched
testing: fishing-cat 2
launching
launched
testing: memes 1
installing memes
launching
testing: memes 2
launching
testing: puzzle-generator 1
installing puzzle-generator
launching
launched
testing: puzzle-generator 2
launching
launched
testing: juegodefutbol 1
installing juegodefutbol
launching
launched
testing: juegodefutbol 2
launching
launched
testing: sticky 1
installing sticky
launching
launched
testing: sticky 2
launching
launched
testing: scary-sounds-hd 1
installing scary-sounds-hd
launching
launched
testing: scary-sounds-hd 2
launching
launched
testing: metro-3 1
installing metro-3
launching
launched
testing: metro-3 2
launching
launched
testing: mines-sweeper 1
installing mines-sweeper
launching
launched
testing: mines-sweeper 2
launching
launched
testing: utube 1
installing utube
launching
launched
testing: utube 2
launching
launched
testing: abre-el-huevo-tamago 1
installing abre-el-huevo-tamago
launching
launched
testing: abre-el-huevo-tamago 2
launching
launched
testing: biblia 1
installing biblia
launching
launched
testing: biblia 2
launching
launched
testing: freebird 1
installing freebird
launching
launched
testing: freebird 2
launching
launched
testing: mixcloud 1
installing mixcloud
launching
testing: mixcloud 2
launching
testing: mustack 1
installing mustack
testing: mustack 2
installing mustack
testing: playfolder 1
installing playfolder
launching
launched
testing: playfolder 2
launching
launched
testing: jelly-blox 1
installing jelly-blox
launching
launched
testing: jelly-blox 2
launching
launched
testing: drawl 1
installing drawl
launching
launched
testing: drawl 2
launching
launched
testing: space-hunt 1
installing space-hunt
launching
launched
testing: space-hunt 2
launching
launched
testing: ninjas-assault 1
installing ninjas-assault
launching
launched
testing: ninjas-assault 2
launching
launched
testing: social-share 1
installing social-share
launching
launched
testing: social-share 2
launching
launched
testing: art 1
installing art
launching
launched
testing: art 2
launching
launched
testing: firedisplay 1
installing firedisplay
launching
launched
testing: firedisplay 2
launching
launched
testing: linterna 1
installing linterna
launching
launched
testing: linterna 2
launching
launched
testing: onslaught-defense 1
installing onslaught-defense
launching
launched
testing: onslaught-defense 2
launching
launched
testing: battery-2 1
installing battery-2
launching
launched
testing: battery-2 2
launching
launched
testing: marriedgamesorg 1
installing marriedgamesorg
launching
launched
testing: marriedgamesorg 2
launching
launched
testing: 8tracks 1
installing 8tracks
launching
testing: 8tracks 2
launching
testing: gauth-authenticator 1
connection error occurred, restarting [Errno 32] Broken pipe: Connection to Marionette server is lost. Check gecko.log (desktop firefox) or logcat (b2g) for errors.
rebooting
forwarding
using port 52236
testing: gauth-authenticator 2
installing gauth-authenticator
launching
launched
testing: radio3hp 1
installing radio3hp
launching
testing: radio3hp 2
launching
testing: firefoxosapp 1
installing firefoxosapp
testing: firefoxosapp 2
installing firefoxosapp
testing: sea-plumber-1 1
installing sea-plumber-1
Marionette script error: StaleElementException: Stale element reference
 running next test
restarting
rebooting
forwarding
using port 52275
testing: sea-plumber-1 2
installing sea-plumber-1
testing: piedra-papel-tijera 1
installing piedra-papel-tijera
launching
launched
testing: piedra-papel-tijera 2
launching
launched
testing: androidsrbijaforum 1
installing androidsrbijaforum
launching
launched
testing: androidsrbijaforum 2
launching
launched
testing: saturday-night-linker 1
installing saturday-night-linker
launching
testing: saturday-night-linker 2
Marionette script error: MarionetteException: Please start a session
 running next test
restarting
rebooting
forwarding
using port 52318
testing: roulette-2 1
installing roulette-2
testing: roulette-2 2
installing roulette-2
testing: campain-2012 1
installing campain-2012
launching
connection error occurred, restarting TimeoutException: Timed out after 30.840914011 seconds

rebooting
forwarding
using port 52347
testing: campain-2012 2
launching
testing: ski 1
installing ski
launching
launched
testing: ski 2
launching
testing: js-console 1
installing js-console
testing: js-console 2
installing js-console
testing: spooky-cats 1
installing spooky-cats
launching
testing: spooky-cats 2
launching
testing: make-app 1
installing make-app
launching
launched
testing: make-app 2
launching
launched
testing: fireem 1
installing fireem
launching
launched
testing: fireem 2
launching
launched
testing: wocial 1
installing wocial
launching
launched
testing: wocial 2
launching
launched
testing: universe-restart-1 1
installing universe-restart-1
launching
launched
testing: universe-restart-1 2
launching
launched
testing: cal-cientif 1
installing cal-cientif
launching
launched
testing: cal-cientif 2
launching
launched
testing: funbasicas 1
installing funbasicas
launching
launched
testing: funbasicas 2
launching
launched
testing: media-remote 1
installing media-remote
launching
launched
testing: media-remote 2
launching
launched
testing: free-sms 1
installing free-sms
launching
launched
testing: free-sms 2
launching
launched
testing: the-firefly 1
installing the-firefly
launching
launched
testing: the-firefly 2
launching
launched
testing: captain-smash 1
installing captain-smash
launching
launched
testing: captain-smash 2
launching
launched
testing: tank-war 1
installing tank-war
launching
launched
connection error occurred, restarting TimeoutException: Connection timed out

rebooting
forwarding
using port 52476
testing: tank-war 2
launching
testing: train-tycoon 1
installing train-tycoon
launching
launched
testing: train-tycoon 2
launching
launched
testing: paint5 1
installing paint5
launching
launched
testing: paint5 2
launching
launched
testing: retro-mini-race 1
installing retro-mini-race
launching
launched
testing: retro-mini-race 2
launching
launched
testing: stasera-in-tv-guida-tv 1
installing stasera-in-tv-guida-tv
launching
launched
testing: stasera-in-tv-guida-tv 2
launching
launched
testing: mapp 1
installing mapp
launching
launched
testing: mapp 2
launching
launched
testing: imc-peso-ideal 1
installing imc-peso-ideal
launching
launched
testing: imc-peso-ideal 2
launching
launched
testing: weather-app 1
installing weather-app
launching
launched
testing: weather-app 2
launching
launched
testing: linux-remote-control 1
installing linux-remote-control
launching
launched
testing: linux-remote-control 2
launching
launched
connection error occurred, restarting TimeoutException: Connection timed out

rebooting
forwarding
using port 52562
testing: internetspeed 1
installing internetspeed
testing: internetspeed 2
installing internetspeed
testing: calculator-2 1
installing calculator-2
launching
launched
testing: calculator-2 2
launching
launched
testing: duego-meet-new-people 1
installing duego-meet-new-people
testing: duego-meet-new-people 2
installing duego-meet-new-people
testing: club-sandwich 1
installing club-sandwich
launching
testing: club-sandwich 2
Marionette script error: MarionetteException: Please start a session
 running next test
restarting
rebooting
forwarding
using port 52614
testing: mad-cab 1
installing mad-cab
testing: mad-cab 2
installing mad-cab
testing: lost-fish 1
installing lost-fish
Marionette script error: StaleElementException: Stale element reference
 running next test
restarting
rebooting
forwarding
using port 52641
testing: lost-fish 2
installing lost-fish
testing: light-up 1
installing light-up
launching
launched
testing: light-up 2
launching
launched
testing: contact 1
installing contact
launching
launched
testing: contact 2
launching
launched
connection error occurred, restarting TimeoutException: Connection timed out

rebooting
forwarding
using port 52676
testing: mywebrss 1
installing mywebrss
Marionette script error: MarionetteException: Error loading page
 running next test
restarting
rebooting
forwarding
using port 52695
testing: mywebrss 2
installing mywebrss
launching
launched
testing: candy-breaker-sugared-quest 1
installing candy-breaker-sugared-quest
launching
testing: candy-breaker-sugared-quest 2
Marionette script error: MarionetteException: Please start a session
 running next test
restarting
rebooting
forwarding
using port 52725
testing: compass-3 1
installing compass-3
testing: compass-3 2
installing compass-3
testing: dracula 1
installing dracula
Marionette script error: StaleElementException: Stale element reference
 running next test
restarting
rebooting
forwarding
using port 52754
testing: dracula 2
installing dracula
Marionette script error: MarionetteException: Error loading page
 running next test
restarting
rebooting
forwarding
using port 52773
testing: kari-pulgosa 1
installing kari-pulgosa
testing: kari-pulgosa 2
installing kari-pulgosa
testing: megatower 1
installing megatower
Marionette script error: StaleElementException: Stale element reference
 running next test
restarting
rebooting
forwarding
using port 52800
testing: megatower 2
installing megatower
testing: rumberos-r 1
installing rumberos-r
launching
launched
testing: rumberos-r 2
launching
launched
testing: draw-nothing 1
installing draw-nothing
launching
launched
testing: draw-nothing 2
launching
launched
testing: flappy-bird-lives 1
installing flappy-bird-lives
launching
launched
testing: flappy-bird-lives 2
launching
connection error occurred, restarting TimeoutException: Connection timed out

rebooting
forwarding
using port 52848
testing: fruit-killer 1
installing fruit-killer
testing: fruit-killer 2
installing fruit-killer
testing: coloroid-pro 1
installing coloroid-pro
Marionette script error: StaleElementException: Stale element reference
 running next test
restarting
rebooting
forwarding
using port 52875
testing: coloroid-pro 2
installing coloroid-pro
testing: ecobattery 1
installing ecobattery
launching
testing: ecobattery 2
launching
testing: game-room 1
Marionette script error: NoSuchElementException: Unable to locate element: body
 running next test
restarting
rebooting
forwarding
using port 52908
testing: game-room 2
Marionette script error: NoSuchElementException: Unable to locate element: body
 running next test
restarting
rebooting
forwarding
using port 52928
testing: quake-benchmark 1
installing quake-benchmark
Marionette script error: MarionetteException: Error loading page
 running next test
restarting
rebooting
forwarding
using port 52948
testing: quake-benchmark 2
installing quake-benchmark
testing: minimalist 1
installing minimalist
launching
launched
testing: minimalist 2
launching
launched
testing: manana 1
installing manana
launching
launched
testing: manana 2
launching
launched
testing: squarez 1
installing squarez
launching
launched
testing: squarez 2
launching
launched
testing: fruity-annie 1
installing fruity-annie
launching
testing: fruity-annie 2
launching
testing: imujer 1
Marionette script error: NoSuchElementException: Unable to locate element: body
 running next test
restarting
rebooting
forwarding
using port 53016
testing: imujer 2
installing imujer
testing: projector 1
installing projector
launching
launched
testing: projector 2
launching
launched
testing: stopwatch 1
installing stopwatch
testing: stopwatch 2
installing stopwatch
launching
launched
testing: drag-the-dots 1
installing drag-the-dots
launching
launched
testing: drag-the-dots 2
launching
launched
testing: missing-magician 1
installing missing-magician
launching
testing: missing-magician 2
launching
testing: keeper-web-app 1
installing keeper-web-app
launching
launched
testing: keeper-web-app 2
launching
launched
testing: simox 1
installing simox
launching
launched
testing: simox 2
launching
testing: touchcalc-web 1
Marionette script error: NoSuchElementException: Unable to locate element: body
 running next test
restarting
rebooting
forwarding
using port 53104
testing: touchcalc-web 2
installing touchcalc-web
testing: quicknotes 1
installing quicknotes
launching
launched
testing: quicknotes 2
launching
launched
testing: library 1
installing library
launching
launched
testing: library 2
launching
launched
testing: text-editor-free 1
installing text-editor-free
launching
launched
testing: text-editor-free 2
launching
launched
testing: evangelion-wallpaper-anime 1
installing evangelion-wallpaper-anime
launching
launched
testing: evangelion-wallpaper-anime 2
launching
launched
testing: linkscanner 1
installing linkscanner
launching
launched
testing: linkscanner 2
launching
launched
testing: converters 1
installing converters
launching
launched
connection error occurred, restarting TimeoutException: Connection timed out

rebooting
forwarding
using port 53188
testing: converters 2
launching
testing: terra 1
installing terra
launching
launched
testing: terra 2
launching
launched
testing: phonewars 1
installing phonewars
launching
launched
testing: phonewars 2
launching
launched
testing: tmgc-js 1
installing tmgc-js
launching
launched
testing: tmgc-js 2
launching
launched
testing: blutdruckdaten 1
installing blutdruckdaten
launching
testing: blutdruckdaten 2
launching
testing: audioteka-1 1
Marionette script error: NoSuchElementException: Unable to locate element: body
 running next test
restarting
rebooting
forwarding
using port 53251
testing: audioteka-1 2
installing audioteka-1
testing: here-maps-packaged 1
installing here-maps-packaged
launching
launched
testing: here-maps-packaged 2
launching
launched
testing: circle-tetris 1
installing circle-tetris
launching
launched
testing: circle-tetris 2
launching
launched
testing: the-weather-channel 1
installing the-weather-channel
launching
launched
testing: the-weather-channel 2
launching
testing: dictaphone 1
Marionette script error: MarionetteException: Please start a session
 running next test
restarting
rebooting
forwarding
using port 53314
testing: dictaphone 2
installing dictaphone
launching
launched
testing: free-guitar-tuner-1 1
installing free-guitar-tuner-1
launching
testing: free-guitar-tuner-1 2
launching
testing: nut-rush 1
installing nut-rush
launching
launched
testing: nut-rush 2
launching
launched
testing: flappy-berries 1
installing flappy-berries
launching
launched
testing: flappy-berries 2
launching
launched
testing: tiki-text 1
installing tiki-text
launching
launched
testing: tiki-text 2
launching
launched
connection error occurred, restarting TimeoutException: Connection timed out

rebooting
forwarding
using port 53382
testing: spy-chase 1
installing spy-chase
testing: spy-chase 2
installing spy-chase
testing: battle-arena 1
installing battle-arena
launching
launched
testing: battle-arena 2
launching
launched
testing: tetris-cars 1
installing tetris-cars
launching
launched
testing: tetris-cars 2
launching
launched
testing: imgur-image-uploader 1
installing imgur-image-uploader
launching
launched
testing: imgur-image-uploader 2
launching
launched
testing: trovit 1
installing trovit
launching
launched
testing: trovit 2
launching
launched
testing: browser-pairs-game 1
installing browser-pairs-game
launching
launched
testing: browser-pairs-game 2
launching
launched
testing: craigen 1
installing craigen
launching
launched
testing: craigen 2
launching
launched
testing: lana-del-rey 1
installing lana-del-rey
testing: lana-del-rey 2
installing lana-del-rey
testing: cupcakes-vs-veggies 1
installing cupcakes-vs-veggies
launching
testing: cupcakes-vs-veggies 2
launching
testing: fruit-chef 1
installing fruit-chef
launching
launched
testing: fruit-chef 2
launching
launched
testing: dj-booth-mobile 1
installing dj-booth-mobile
launching
connection error occurred, restarting TimeoutException: Timed out after 36.0232048035 seconds

rebooting
forwarding
using port 53504
testing: dj-booth-mobile 2
launching
testing: mercadolibre 1
installing mercadolibre
testing: mercadolibre 2
installing mercadolibre
launching
launched
testing: frases 1
installing frases
launching
launched
testing: frases 2
launching
launched
testing: cuentoslocos 1
installing cuentoslocos
launching
launched
testing: cuentoslocos 2
launching
launched
testing: biblia-nvi-offline 1
installing biblia-nvi-offline
launching
launched
testing: biblia-nvi-offline 2
launching
launched
testing: baby-music-fun 1
installing baby-music-fun
launching
testing: baby-music-fun 2
Marionette script error: InvalidResponseException: Could not communicate with Marionette server. Is the Gecko process still running?
 running next test
restarting
rebooting
forwarding
using port 53578
testing: cabra 1
installing cabra
testing: cabra 2
installing cabra
testing: lsrpg 1
installing lsrpg
launching
launched
testing: lsrpg 2
launching
launched
testing: chistes-pro 1
installing chistes-pro
launching
launched
testing: chistes-pro 2
launching
launched
testing: marketplace 1
installing marketplace
testing: marketplace 2
installing marketplace
testing: air-woody 1
installing air-woody
launching
testing: air-woody 2
launching
testing: protractor 1
Marionette script error: NoSuchElementException: Unable to locate element: body
 running next test
restarting
rebooting
forwarding
using port 53653
testing: protractor 2
installing protractor
Marionette script error: MarionetteException: Error loading page
 running next test
restarting
rebooting
forwarding
using port 53672
testing: mocospace 1
installing mocospace
testing: mocospace 2
installing mocospace
testing: multiplayer-reactor 1
installing multiplayer-reactor
launching
testing: multiplayer-reactor 2
launching
launched
testing: ispeak 1
installing ispeak
launching
launched
testing: ispeak 2
launching
launched
testing: laseleccion 1
installing laseleccion
launching
testing: laseleccion 2
launching
testing: fox-game 1
Marionette script error: NoSuchElementException: Unable to locate element: body
 running next test
restarting
rebooting
forwarding
using port 53733
testing: fox-game 2
installing fox-game
Marionette script error: MarionetteException: Error loading page
 running next test
restarting
rebooting
forwarding
using port 53753
testing: vídeos-virais 1
installing vídeos-virais
launching
testing: vídeos-virais 2
launching
launched
testing: contacts-backup 1
installing contacts-backup
launching
launched
testing: contacts-backup 2
launching
launched
testing: cartas-do-amor 1
installing cartas-do-amor
launching
launched
testing: cartas-do-amor 2
launching
launched
testing: checkers-1 1
installing checkers-1
testing: checkers-1 2
installing checkers-1
launching
launched
testing: sliding-tommy 1
installing sliding-tommy
launching
launched
testing: sliding-tommy 2
launching
launched
testing: radar-dragao 1
installing radar-dragao
launching
testing: radar-dragao 2
launching
testing: tvmusor 1
installing tvmusor
testing: tvmusor 2
installing tvmusor
testing: effects-sp 1
installing effects-sp
launching
launched
testing: effects-sp 2
launching
launched
testing: gta5-cheats 1
installing gta5-cheats
testing: gta5-cheats 2
installing gta5-cheats
testing: the-speed-ninja 1
installing the-speed-ninja
launching
testing: the-speed-ninja 2
Marionette script error: InvalidResponseException: Could not communicate with Marionette server. Is the Gecko process still running?
 running next test
restarting
rebooting
forwarding
using port 53872
testing: capp 1
installing capp
testing: capp 2
installing capp
testing: blickammozilla 1
installing blickammozilla
Marionette script error: StaleElementException: Stale element reference
 running next test
restarting
rebooting
forwarding
using port 53904
testing: blickammozilla 2
installing blickammozilla
launching
launched
testing: vibrant-recycling 1
installing vibrant-recycling
launching
launched
testing: vibrant-recycling 2
launching
launched
testing: goosyfarmer 1
installing goosyfarmer
launching
launched
testing: goosyfarmer 2
launching
launched
testing: battleships 1
installing battleships
launching
launched
testing: battleships 2
launching
launched
testing: firedrums 1
installing firedrums
launching
launched
testing: firedrums 2
launching
launched
testing: mozlauncher-test 1
installing mozlauncher-test
launching
launched
testing: mozlauncher-test 2
launching
launched
testing: dinoplayer 1
installing dinoplayer
testing: dinoplayer 2
installing dinoplayer
testing: bowling-rush 1
installing bowling-rush
Marionette script error: StaleElementException: Stale element reference
 running next test
restarting
rebooting
forwarding
using port 53992
testing: bowling-rush 2
installing bowling-rush
testing: minerpop 1
installing minerpop
launching
launched
testing: minerpop 2
launching
launched
testing: evernav 1
installing evernav
launching
launched
testing: evernav 2
launching
launched
testing: sochi-toilets-the-official- 1
installing sochi-toilets-the-official-
launching
testing: sochi-toilets-the-official- 2
launching
testing: css3clock 1
installing css3clock
testing: css3clock 2
installing css3clock
testing: clumsy-ninja-flappy-bird-st 1
installing clumsy-ninja-flappy-bird-st
Marionette script error: StaleElementException: Stale element reference
 running next test
restarting
rebooting
forwarding
using port 54065
testing: clumsy-ninja-flappy-bird-st 2
installing clumsy-ninja-flappy-bird-st
launching
launched
testing: scientific-calculator 1
installing scientific-calculator
launching
launched
testing: scientific-calculator 2
launching
launched
testing: firexplorer 1
installing firexplorer
launching
launched
testing: firexplorer 2
launching
launched
testing: disco-light 1
installing disco-light
launching
launched
testing: disco-light 2
launching
launched
testing: zombie-getaway 1
installing zombie-getaway
launching
testing: zombie-getaway 2
Marionette script error: NoSuchElementException: Unable to locate element: body
 running next test
restarting
rebooting
forwarding
using port 54121
testing: archer 1
installing archer
testing: archer 2
installing archer
testing: shootem-down 1
installing shootem-down
Marionette script error: StaleElementException: Stale element reference
 running next test
restarting
rebooting
forwarding
using port 54152
testing: shootem-down 2
installing shootem-down
launching
launched
testing: 9gag 1
installing 9gag
launching
testing: 9gag 2
launching
testing: firesea-irc 1
Marionette script error: NoSuchElementException: Unable to locate element: body
 running next test
restarting
rebooting
forwarding
using port 54185
testing: firesea-irc 2
installing firesea-irc
testing: the-pond 1
installing the-pond
launching
launched
testing: the-pond 2
launching
launched
testing: color-puzzle 1
installing color-puzzle
launching
launched
testing: color-puzzle 2
launching
launched
testing: tenorguitar 1
installing tenorguitar
testing: tenorguitar 2
installing tenorguitar
testing: vanilla-pinball 1
installing vanilla-pinball
launching
launched
testing: vanilla-pinball 2
launching
launched
testing: floppy-bird 1
installing floppy-bird
launching
launched
testing: floppy-bird 2
launching
launched
testing: speakerclock 1
installing speakerclock
launching
launched
testing: speakerclock 2
launching
launched
testing: odf-reader 1
installing odf-reader
launching
launched
testing: odf-reader 2
launching
launched
testing: cherry-slots 1
installing cherry-slots
launching
testing: cherry-slots 2
launching
testing: secret-of-rah 1
installing secret-of-rah
launching
launched
testing: secret-of-rah 2
launching
launched
testing: wger-workout-manager 1
installing wger-workout-manager
testing: wger-workout-manager 2
installing wger-workout-manager
launching
launched
testing: chords 1
installing chords
launching
launched
testing: chords 2
launching
launched
testing: teevee 1
installing teevee
launching
launched
testing: teevee 2
launching
testing: haywire 1
Marionette script error: NoSuchElementException: Unable to locate element: body
 running next test
restarting
rebooting
forwarding
using port 54309
testing: haywire 2
installing haywire
testing: pop-pop-rush 1
installing pop-pop-rush
launching
launched
testing: pop-pop-rush 2
launching
launched
testing: turbosnake 1
installing turbosnake
launching
launched
testing: turbosnake 2
launching
launched
testing: haunted-forest-escape 1
installing haunted-forest-escape
launching
launched
connection error occurred, restarting TimeoutException: Connection timed out

rebooting
forwarding
using port 54350
testing: haunted-forest-escape 2
launching
testing: gomusic 1
installing gomusic
launching
launched
testing: gomusic 2
launching
launched
connection error occurred, restarting TimeoutException: Connection timed out

rebooting
forwarding
using port 54377
testing: insult-generator-slot-machi 1
installing insult-generator-slot-machi
launching
launched
testing: insult-generator-slot-machi 2
launching
launched
testing: gammy 1
installing gammy
launching
launched
testing: gammy 2
launching
launched
testing: firefart 1
installing firefart
launching
launched
testing: firefart 2
launching
launched
testing: bookingcom 1
installing bookingcom
launching
launched
testing: bookingcom 2
launching
testing: browser-quest 1
Marionette script error: NoSuchElementException: Unable to locate element: body
 running next test
restarting
rebooting
forwarding
using port 54428
testing: browser-quest 2
Marionette script error: NoSuchElementException: Unable to locate element: body
 running next test
restarting
rebooting
forwarding
using port 54450
testing: firechat 1
installing firechat
testing: firechat 2
installing firechat
testing: webpang 1
installing webpang
Marionette script error: StaleElementException: Stale element reference
 running next test
restarting
rebooting
forwarding
using port 54478
testing: webpang 2
installing webpang
testing: notes 1
installing notes
launching
launched
testing: notes 2
launching
launched
testing: pintar 1
installing pintar
launching
launched
testing: pintar 2
launching
launched
testing: compass 1
installing compass
launching
launched
testing: compass 2
launching
launched
testing: free-maps-ruler 1
installing free-maps-ruler
testing: free-maps-ruler 2
installing free-maps-ruler
launching
launched
testing: gol-caracol 1
installing gol-caracol
launching
launched
testing: gol-caracol 2
launching
launched
testing: submarine-assault-1 1
installing submarine-assault-1
launching
launched
testing: submarine-assault-1 2
launching
launched
testing: flappy-bird-3 1
installing flappy-bird-3
launching
launched
testing: flappy-bird-3 2
launching
launched
testing: grooveshark-jukebox 1
installing grooveshark-jukebox
launching
testing: grooveshark-jukebox 2
launching
testing: remember-gps 1
installing remember-gps
testing: remember-gps 2
installing remember-gps
testing: mozillafsa 1
installing mozillafsa
launching
launched
testing: mozillafsa 2
launching
launched
testing: tomahk 1
installing tomahk
launching
testing: tomahk 2
launching
testing: speedy-bird 1
Marionette script error: NoSuchElementException: Unable to locate element: body
 running next test
restarting
rebooting
forwarding
using port 54591
testing: speedy-bird 2
Marionette script error: NoSuchElementException: Unable to locate element: body
 running next test
restarting
rebooting
forwarding
using port 54610
testing: steam 1
installing steam
testing: steam 2
installing steam
testing: stone-age-rescue 1
installing stone-age-rescue
launching
launched
testing: stone-age-rescue 2
launching
launched
testing: fancy 1
installing fancy
launching
launched
testing: fancy 2
launching
launched
testing: ui-demos 1
installing ui-demos
launching
launched
testing: ui-demos 2
launching
launched
testing: mexican-wrestler-superstars 1
installing mexican-wrestler-superstars
launching
testing: mexican-wrestler-superstars 2
Marionette script error: MarionetteException: Please start a session
 running next test
restarting
rebooting
forwarding
using port 54671
testing: openlibra 1
installing openlibra
testing: openlibra 2
installing openlibra
testing: ultimas-noticias 1
installing ultimas-noticias
Marionette script error: StaleElementException: Stale element reference
 running next test
restarting
rebooting
forwarding
using port 54698
testing: ultimas-noticias 2
installing ultimas-noticias
launching
launched
testing: zuchiga 1
installing zuchiga
launching
launched
testing: zuchiga 2
launching
launched
testing: candy-rain 1
installing candy-rain
launching
launched
testing: candy-rain 2
launching
launched
connection error occurred, restarting TimeoutException: Connection timed out

rebooting
forwarding
using port 54733
testing: el-pais 1
installing el-pais
Marionette script error: StaleElementException: Stale element reference
 running next test
restarting
rebooting
forwarding
using port 54752
testing: el-pais 2
installing el-pais
testing: linternapp 1
installing linternapp
launching
launched
testing: linternapp 2
launching
launched
connection error occurred, restarting TimeoutException: Connection timed out

rebooting
forwarding
using port 54784
testing: milestone-planner 1
installing milestone-planner
testing: milestone-planner 2
installing milestone-planner
launching
testing: pixel-fire 1
Marionette script error: NoSuchElementException: Unable to locate element: body
 running next test
restarting
rebooting
forwarding
using port 54811
testing: pixel-fire 2
installing pixel-fire
testing: calc 1
installing calc
launching
launched
testing: calc 2
launching
launched
testing: wikihow 1
installing wikihow
launching
launched
testing: wikihow 2
launching
launched
testing: sumuraÿ 1
installing sumuraÿ
testing: sumuraÿ 2
installing sumuraÿ
launching
launched
testing: airfootball 1
installing airfootball
launching
launched
testing: airfootball 2
launching
launched
testing: whip-látigo 1
installing whip-látigo
launching
launched
testing: whip-látigo 2
launching
launched
testing: hypnotoad 1
installing hypnotoad
testing: hypnotoad 2
installing hypnotoad
testing: fruit-slots 1
installing fruit-slots
launching
launched
testing: fruit-slots 2
launching
launched
testing: stocks 1
installing stocks
launching
launched
testing: stocks 2
launching
launched
testing: aria-wall 1
installing aria-wall
launching
testing: aria-wall 2
launching
launched
testing: uol-celular 1
installing uol-celular
launching
launched
testing: uol-celular 2
launching
launched
testing: math-formulas-lite 1
installing math-formulas-lite
launching
launched
testing: math-formulas-lite 2
launching
launched
testing: blueblocks 1
installing blueblocks
launching
launched
testing: blueblocks 2
launching
launched
testing: flappy-bird-1 1
installing flappy-bird-1
launching
launched
testing: flappy-bird-1 2
launching
launched
testing: airbnb 1
installing airbnb
launching
testing: airbnb 2
launching
testing: magic-8-ball 1
Marionette script error: NoSuchElementException: Unable to locate element: body
 running next test
restarting
rebooting
forwarding
using port 54950
testing: magic-8-ball 2
installing magic-8-ball
testing: vcardin 1
installing vcardin
launching
launched
testing: vcardin 2
launching
launched
testing: where-am-i-2 1
installing where-am-i-2
launching
launched
testing: where-am-i-2 2
launching
launched
testing: medio-tiempo 1
installing medio-tiempo
launching
launched
testing: medio-tiempo 2
launching
launched
testing: sound-pads-all-in-one 1
installing sound-pads-all-in-one
launching
launched
testing: sound-pads-all-in-one 2
launching
launched
testing: coloroid 1
installing coloroid
launching
launched
testing: coloroid 2
launching
launched
testing: codesfullforms 1
installing codesfullforms
launching
launched
testing: codesfullforms 2
launching
launched
testing: firefoxosworldnet 1
installing firefoxosworldnet
launching
testing: firefoxosworldnet 2
launching
testing: black-gold-plumber 1
Marionette script error: NoSuchElementException: Unable to locate element: body
 running next test
restarting
rebooting
forwarding
using port 55031
testing: black-gold-plumber 2
installing black-gold-plumber
testing: cellow 1
installing cellow
testing: cellow 2
installing cellow
launching
launched
testing: entanglement 1
installing entanglement
launching
testing: entanglement 2
launching
connection error occurred, restarting TimeoutException: Connection timed out

rebooting
forwarding
using port 55069
testing: flappystoch 1
installing flappystoch
testing: flappystoch 2
installing flappystoch
testing: video-poker 1
installing video-poker
launching
launched
testing: video-poker 2
launching
launched
testing: bammtv 1
installing bammtv
launching
launched
connection error occurred, restarting TimeoutException: Connection timed out

rebooting
forwarding
using port 55106
testing: bammtv 2
launching
testing: g-sky 1
installing g-sky
launching
launched
testing: g-sky 2
launching
launched
testing: towerofhanoi 1
installing towerofhanoi
launching
launched
testing: towerofhanoi 2
launching
launched
testing: pro-basket 1
installing pro-basket
launching
launched
testing: pro-basket 2
launching
launched
testing: runuts 1
installing runuts
launching
testing: runuts 2
launching
testing: slap-rat 1
installing slap-rat
launching
launched
Marionette script error: InvalidResponseException: Could not communicate with Marionette server. Is the Gecko process still running?
 running next test
restarting
rebooting
forwarding
using port 55161
testing: slap-rat 2
launching
testing: cronometro 1
installing cronometro
launching
launched
testing: cronometro 2
launching
launched
testing: alezaa 1
installing alezaa
testing: alezaa 2
installing alezaa
testing: junglefrog 1
installing junglefrog
testing: junglefrog 2
installing junglefrog
testing: cuadrantes 1
installing cuadrantes
launching
launched
testing: cuadrantes 2
launching
launched
testing: whos-that-pokemon 1
installing whos-that-pokemon
launching
launched
connection error occurred, restarting TimeoutException: Connection timed out

rebooting
forwarding
using port 55222
testing: whos-that-pokemon 2
launching
testing: los-tres-cerditos-2 1
installing los-tres-cerditos-2
launching
launched
testing: los-tres-cerditos-2 2
launching
launched
testing: todo-1 1
installing todo-1
launching
launched
testing: todo-1 2
launching
launched
testing: diary 1
installing diary
launching
launched
testing: diary 2
launching
launched
testing: flappy-bird-multiplayer 1
installing flappy-bird-multiplayer
launching
launched
testing: flappy-bird-multiplayer 2
launching
launched
testing: vtcs 1
installing vtcs
launching
launched
testing: vtcs 2
launching
launched
testing: save-flappy-birds 1
installing save-flappy-birds
launching
launched
testing: save-flappy-birds 2
launching
launched
testing: cleverdj 1
installing cleverdj
launching
launched
testing: cleverdj 2
launching
launched
testing: spirit-level 1
installing spirit-level
launching
launched
testing: spirit-level 2
launching
launched
testing: glowhockey 1
installing glowhockey
launching
launched
testing: glowhockey 2
launching
launched
testing: flappy-balloon-vs-birds 1
installing flappy-balloon-vs-birds
launching
launched
testing: flappy-balloon-vs-birds 2
launching
launched
testing: blue-box-2 1
installing blue-box-2
launching
launched
testing: blue-box-2 2
launching
launched
testing: generador-de-contraseñas 1
installing generador-de-contraseñas
launching
launched
testing: generador-de-contraseñas 2
launching
launched
testing: dracula-quest-run-for-blood 1
installing dracula-quest-run-for-blood
launching
testing: dracula-quest-run-for-blood 2
launching
testing: traductor 1
installing traductor
testing: traductor 2
installing traductor
testing: movistar-chat 1
installing movistar-chat
Marionette script error: StaleElementException: Stale element reference
 running next test
restarting
rebooting
forwarding
using port 55361
testing: movistar-chat 2
installing movistar-chat
testing: darwinism 1
installing darwinism
launching
launched
testing: darwinism 2
launching
launched
testing: jaxspot 1
installing jaxspot
launching
connection error occurred, restarting TimeoutException: Timed out after 30.3715088367 seconds

rebooting
forwarding
using port 55395
testing: jaxspot 2
launching
testing: candle-1 1
installing candle-1
launching
launched
testing: candle-1 2
launching
launched
testing: biblia-1 1
installing biblia-1
launching
launched
testing: biblia-1 2
launching
launched
testing: zak-adventures-forest-run 1
installing zak-adventures-forest-run
launching
launched
testing: zak-adventures-forest-run 2
launching
launched
testing: venezuela-beisbol 1
installing venezuela-beisbol
launching
launched
testing: venezuela-beisbol 2
launching
launched
testing: halloween-artist 1
installing halloween-artist
testing: halloween-artist 2
installing halloween-artist
testing: cheerleaders-school 1
installing cheerleaders-school
launching
testing: cheerleaders-school 2
launching
testing: solitaire-2 1
Marionette script error: MarionetteException: Please start a session
 running next test
restarting
rebooting
forwarding
using port 55470
testing: solitaire-2 2
installing solitaire-2
Marionette script error: MarionetteException: Error loading page
 running next test
restarting
rebooting
forwarding
using port 55489
testing: bird-season 1
installing bird-season
launching
launched
testing: bird-season 2
launching
launched
testing: woblox 1
installing woblox
launching
launched
testing: woblox 2
launching
launched
testing: firesketch 1
installing firesketch
launching
launched
testing: firesketch 2
launching
launched
testing: where-is-the-red 1
installing where-is-the-red
launching
launched
testing: where-is-the-red 2
launching
launched
testing: grrds-4-in-a-row-1 1
installing grrds-4-in-a-row-1
launching
launched
testing: grrds-4-in-a-row-1 2
launching
launched
testing: smiley-smile-1 1
installing smiley-smile-1
launching
launched
testing: smiley-smile-1 2
launching
launched
testing: mozilla-support 1
installing mozilla-support
launching
launched
testing: mozilla-support 2
launching
launched
testing: words-with-owl 1
installing words-with-owl
launching
launched
testing: words-with-owl 2
launching
launched
testing: roofjumper 1
installing roofjumper
launching
launched
testing: roofjumper 2
launching
launched
testing: easy-calculator 1
installing easy-calculator
launching
launched
testing: easy-calculator 2
launching
launched
connection error occurred, restarting TimeoutException: Connection timed out

rebooting
forwarding
using port 55587
testing: cooking 1
installing cooking
testing: cooking 2
installing cooking
testing: bodyfat-calculator 1
installing bodyfat-calculator
launching
launched
testing: bodyfat-calculator 2
launching
launched
testing: inca-challenge 1
installing inca-challenge
launching
testing: inca-challenge 2
Marionette script error: MarionetteException: Please start a session
 running next test
restarting
rebooting
forwarding
using port 55629
testing: kayak 1
installing kayak
testing: kayak 2
installing kayak
testing: bird-crash 1
installing bird-crash
launching
launched
testing: bird-crash 2
launching
launched
testing: asteroid-mania 1
installing asteroid-mania
launching
launched
testing: asteroid-mania 2
launching
launched
testing: el-tiempo 1
installing el-tiempo
launching
launched
testing: el-tiempo 2
launching
launched
testing: asobi-fox-wallpaper-anime 1
installing asobi-fox-wallpaper-anime
launching
testing: asobi-fox-wallpaper-anime 2
launching
launched
testing: jewel-jive 1
installing jewel-jive
launching
launched
testing: jewel-jive 2
launching
launched
testing: html-editor 1
installing html-editor
launching
launched
testing: html-editor 2
launching
launched
testing: calcudoku 1
installing calcudoku
launching
launched
testing: calcudoku 2
launching
launched
testing: attack-on-titan-wallpaper-a 1
installing attack-on-titan-wallpaper-a
launching
testing: attack-on-titan-wallpaper-a 2
launching
launched
testing: foxy-weather 1
installing foxy-weather
launching
launched
testing: foxy-weather 2
launching
launched
testing: archery 1
installing archery
launching
launched
testing: archery 2
launching
launched
testing: vector-runner-remix 1
installing vector-runner-remix
launching
testing: vector-runner-remix 2
launching
testing: gnulinux-vagos 1
installing gnulinux-vagos
launching
launched
testing: gnulinux-vagos 2
launching
launched
testing: piropos 1
installing piropos
launching
launched
testing: piropos 2
launching
launched
testing: liferescuer-para-montaña 1
installing liferescuer-para-montaña
launching
launched
testing: liferescuer-para-montaña 2
launching
launched
testing: tarot-daily 1
installing tarot-daily
launching
launched
testing: tarot-daily 2
launching
launched
testing: hackerweb 1
installing hackerweb
launching
launched
testing: hackerweb 2
launching
launched
testing: game-pack 1
installing game-pack
launching
launched
testing: game-pack 2
launching
launched
testing: paper-plane-the-crazy-lab 1
installing paper-plane-the-crazy-lab
launching
testing: paper-plane-the-crazy-lab 2
Marionette script error: InvalidResponseException: Could not communicate with Marionette server. Is the Gecko process still running?
 running next test
restarting
rebooting
forwarding
using port 55801
testing: guitar-effects 1
installing guitar-effects
testing: guitar-effects 2
installing guitar-effects
testing: simplerss 1
installing simplerss
launching
launched
testing: simplerss 2
launching
launched
testing: my-planet 1
installing my-planet
launching
launched
testing: my-planet 2
launching
launched
testing: delicious 1
installing delicious
launching
testing: delicious 2
launching
launched
testing: aprendiendo-html 1
installing aprendiendo-html
launching
launched
testing: aprendiendo-html 2
launching
launched
testing: html5-compass 1
installing html5-compass
launching
launched
testing: html5-compass 2
launching
launched
testing: prio-note 1
installing prio-note
launching
launched
testing: prio-note 2
launching
launched
testing: appdietetica 1
installing appdietetica
launching
launched
testing: appdietetica 2
launching
launched
testing: mapwire 1
installing mapwire
launching
launched
testing: mapwire 2
launching
launched
testing: fotocalle 1
installing fotocalle
launching
launched
testing: fotocalle 2
launching
launched
testing: simon 1
installing simon
launching
launched
testing: simon 2
launching
launched
testing: ocean-implosion 1
installing ocean-implosion
launching
launched
testing: ocean-implosion 2
launching
launched
testing: battery-status 1
installing battery-status
launching
launched
testing: battery-status 2
launching
launched
testing: thesauruscom 1
installing thesauruscom
launching
testing: thesauruscom 2
launching
launched
connection error occurred, restarting TimeoutException: Connection timed out

rebooting
forwarding
using port 55934
testing: espn-brasil 1
installing espn-brasil
testing: espn-brasil 2
installing espn-brasil
testing: zombies-cant-jump 1
installing zombies-cant-jump
launching
launched
connection error occurred, restarting TimeoutException: Connection timed out

rebooting
forwarding
using port 55963
testing: zombies-cant-jump 2
launching
testing: music-qtrs 1
installing music-qtrs
testing: music-qtrs 2
installing music-qtrs
launching
launched
testing: dak-dak-buffet 1
installing dak-dak-buffet
launching
launched
testing: dak-dak-buffet 2
launching
launched
testing: sheep 1
installing sheep
testing: sheep 2
installing sheep
testing: matrix 1
installing matrix
Marionette script error: StaleElementException: Stale element reference
 running next test
restarting
rebooting
forwarding
using port 56013
testing: matrix 2
installing matrix
launching
launched
testing: check-in-fox 1
installing check-in-fox
launching
launched
testing: check-in-fox 2
launching
launched
testing: fifaworldcup2014 1
installing fifaworldcup2014
testing: fifaworldcup2014 2
installing fifaworldcup2014
testing: jamendofm 1
installing jamendofm
Marionette script error: StaleElementException: Stale element reference
 running next test
restarting
rebooting
forwarding
using port 56052
testing: jamendofm 2
installing jamendofm
testing: myip 1
installing myip
launching
launched
testing: myip 2
launching
launched
testing: peso-ideal 1
installing peso-ideal
launching
launched
testing: peso-ideal 2
launching
launched
testing: reditr 1
installing reditr
launching
launched
testing: reditr 2
launching
launched
testing: news-podcast-1 1
installing news-podcast-1
launching
launched
testing: news-podcast-1 2
launching
launched
testing: noise-relax 1
installing noise-relax
launching
launched
testing: noise-relax 2
launching
launched
testing: personal-trainer 1
installing personal-trainer
launching
testing: personal-trainer 2
launching
testing: buscape 1
Marionette script error: InvalidResponseException: Could not communicate with Marionette server. Is the Gecko process still running?
 running next test
restarting
rebooting
forwarding
using port 56125
testing: buscape 2
installing buscape
testing: caelum 1
installing caelum
launching
launched
connection error occurred, restarting TimeoutException: Connection timed out

rebooting
forwarding
using port 56148
testing: caelum 2
launching
testing: vibrycing 1
installing vibrycing
Marionette script error: MarionetteException: Error loading page
 running next test
restarting
rebooting
forwarding
using port 56171
testing: vibrycing 2
installing vibrycing
testing: zombiez 1
installing zombiez
launching
launched
testing: zombiez 2
launching
launched
testing: mitologias 1
installing mitologias
launching
launched
testing: mitologias 2
launching
launched
testing: droid-invaders 1
installing droid-invaders
launching
launched
testing: droid-invaders 2
launching
launched
testing: zombie-getaway-1 1
installing zombie-getaway-1
launching
launched
testing: zombie-getaway-1 2
launching
launched
testing: cuentos-infantiles 1
installing cuentos-infantiles
launching
launched
testing: cuentos-infantiles 2
launching
launched
testing: red-run 1
installing red-run
launching
testing: red-run 2
Marionette script error: NoSuchElementException: Unable to locate element: body
 running next test
restarting
rebooting
forwarding
using port 56243
testing: cracker 1
installing cracker
testing: cracker 2
installing cracker
testing: lanyrd-mobile 1
installing lanyrd-mobile
launching
launched
testing: lanyrd-mobile 2
launching
launched
testing: parking-panic 1
installing parking-panic
testing: parking-panic 2
installing parking-panic
testing: magic-alchemist 1
installing magic-alchemist
launching
testing: magic-alchemist 2
launching
testing: connecttome 1
installing connecttome
launching
launched
testing: connecttome 2
launching
launched
testing: foxympd 1
installing foxympd
launching
launched
testing: foxympd 2
launching
launched
testing: swiper 1
installing swiper
launching
launched
testing: swiper 2
launching
launched
testing: futomi-gyro 1
installing futomi-gyro
launching
testing: futomi-gyro 2
Marionette script error: InvalidResponseException: Could not communicate with Marionette server. Is the Gecko process still running?
 running next test
restarting
rebooting
forwarding
using port 56323
testing: movistar-recomienda 1
installing movistar-recomienda
testing: movistar-recomienda 2
installing movistar-recomienda
testing: secuboxx 1
installing secuboxx
launching
launched
testing: secuboxx 2
launching
launched
testing: foxmote 1
installing foxmote
launching
launched
testing: foxmote 2
launching
launched
testing: movim 1
installing movim
launching
launched
testing: movim 2
launching
launched
testing: stubborn-bee 1
installing stubborn-bee
launching
launched
testing: stubborn-bee 2
launching
launched
testing: firereader 1
installing firereader
launching
launched
testing: firereader 2
launching
launched
testing: good-calc 1
installing good-calc
testing: good-calc 2
installing good-calc
testing: litewrite 1
installing litewrite
launching
launched
testing: litewrite 2
launching
launched
testing: manual-html 1
installing manual-html
launching
launched
testing: manual-html 2
launching
launched
testing: kanafire 1
installing kanafire
launching
launched
testing: kanafire 2
launching
launched
testing: pandemonium-city 1
installing pandemonium-city
testing: pandemonium-city 2
installing pandemonium-city
testing: puzle 1
installing puzle
launching
launched
testing: puzle 2
launching
launched
testing: streammon 1
installing streammon
launching
launched
testing: streammon 2
launching
launched
testing: lily-azealia-toe 1
installing lily-azealia-toe
launching
launched
testing: lily-azealia-toe 2
launching
launched
testing: mars-lander 1
installing mars-lander
launching
testing: mars-lander 2
Marionette script error: InvalidResponseException: Could not communicate with Marionette server. Is the Gecko process still running?
 running next test
restarting
rebooting
forwarding
using port 56463
testing: despegar 1
installing despegar
launching
launched
testing: despegar 2
launching
testing: open_markers 1
installing open_markers
testing: open_markers 2
installing open_markers
testing: bible-reader-1 1
installing bible-reader-1
launching
testing: bible-reader-1 2
launching
testing: fate-zero-wallpaper-anime 1
installing fate-zero-wallpaper-anime
launching
testing: fate-zero-wallpaper-anime 2
launching
launched
testing: qq 1
installing qq
testing: qq 2
installing qq
testing: antichistes 1
installing antichistes
launching
launched
testing: antichistes 2
launching
launched
testing: estadão 1
installing estadão
launching
launched
testing: estadão 2
launching
launched
testing: earthquakes 1
installing earthquakes
launching
testing: earthquakes 2
launching
testing: flappybaby 1
installing flappybaby
launching
launched
testing: flappybaby 2
launching
launched
testing: metronome 1
installing metronome
launching
launched
testing: metronome 2
launching
launched
testing: bing 1
installing bing
testing: bing 2
installing bing
testing: xbmc-simple-remote 1
installing xbmc-simple-remote
launching
launched
testing: xbmc-simple-remote 2
launching
launched
testing: new-york-times 1
installing new-york-times
launching
launched
testing: new-york-times 2
launching
launched
testing: hoverplanes-vs-zombies 1
installing hoverplanes-vs-zombies
launching
launched
testing: hoverplanes-vs-zombies 2
launching
launched
testing: codebreaker 1
installing codebreaker
launching
launched
testing: codebreaker 2
launching
launched
testing: shooting-rocket 1
installing shooting-rocket
launching
launched
testing: shooting-rocket 2
launching
launched
testing: lord-of-the-knights 1
installing lord-of-the-knights
launching
testing: lord-of-the-knights 2
launching
testing: horde-of-evil 1
installing horde-of-evil
testing: horde-of-evil 2
installing horde-of-evil
testing: caramba-piranhas 1
installing caramba-piranhas
Marionette script error: StaleElementException: Stale element reference
 running next test
restarting
rebooting
forwarding
using port 56638
testing: caramba-piranhas 2
installing caramba-piranhas
launching
launched
testing: street-wars 1
installing street-wars
launching
launched
testing: street-wars 2
launching
launched
testing: foxsay 1
installing foxsay
launching
launched
testing: foxsay 2
launching
launched
testing: futebol 1
installing futebol
launching
launched
testing: futebol 2
launching
launched
testing: danger-ranger 1
installing danger-ranger
launching
launched
testing: danger-ranger 2
launching
launched
testing: aliens-invade 1
installing aliens-invade
launching
launched
testing: aliens-invade 2
launching
launched
testing: battery-check-pro 1
installing battery-check-pro
testing: battery-check-pro 2
installing battery-check-pro
launching
launched
testing: zombierevenge 1
installing zombierevenge
launching
testing: zombierevenge 2
Marionette script error: MarionetteException: Please start a session
 running next test
restarting
rebooting
forwarding
using port 56717
testing: memory-game-1 1
installing memory-game-1
testing: memory-game-1 2
installing memory-game-1
testing: adiabchile 1
installing adiabchile
Marionette script error: StaleElementException: Stale element reference
 running next test
restarting
rebooting
forwarding
using port 56746
testing: adiabchile 2
installing adiabchile
testing: clucky 1
installing clucky
launching
launched
testing: clucky 2
launching
launched
testing: yummi-squares 1
installing yummi-squares
testing: yummi-squares 2
installing yummi-squares
testing: pomodoro-timer 1
installing pomodoro-timer
launching
launched
testing: pomodoro-timer 2
launching
launched
testing: spinthebottle-1 1
installing spinthebottle-1
launching
launched
testing: spinthebottle-1 2
launching
launched
testing: me-mnemonic-fx 1
installing me-mnemonic-fx
launching
testing: me-mnemonic-fx 2
Marionette script error: InvalidResponseException: Could not communicate with Marionette server. Is the Gecko process still running?
 running next test
restarting
rebooting
forwarding
using port 56807
testing: memons-quest 1
installing memons-quest
launching
launched
Marionette script error: NoSuchElementException: Unable to locate element: body
 running next test
restarting
rebooting
forwarding
using port 56826
testing: memons-quest 2
launching
testing: the-crab 1
installing the-crab
launching
launched
testing: the-crab 2
launching
launched
testing: creepypastas 1
installing creepypastas
launching
testing: creepypastas 2
launching
testing: memoria 1
installing memoria
testing: memoria 2
installing memoria
testing: sandglaz 1
installing sandglaz
launching
launched
testing: sandglaz 2
launching
launched
testing: helicopter 1
installing helicopter
launching
launched
testing: helicopter 2
launching
launched
testing: lava-sword 1
installing lava-sword
testing: lava-sword 2
installing lava-sword
testing: candy-crush-1 1
installing candy-crush-1
launching
launched
testing: candy-crush-1 2
launching
launched
testing: jumping-submarine 1
installing jumping-submarine
launching
launched
testing: jumping-submarine 2
launching
connection error occurred, restarting TimeoutException: Connection timed out

rebooting
forwarding
using port 56917
testing: pokedex 1
installing pokedex
testing: pokedex 2
installing pokedex
testing: happy-farm 1
installing happy-farm
launching
launched
testing: happy-farm 2
launching
launched
testing: nivel 1
installing nivel
launching
launched
testing: nivel 2
launching
launched
testing: monster-cleaner 1
installing monster-cleaner
launching
launched
testing: monster-cleaner 2
launching
launched
testing: fivecraft 1
installing fivecraft
launching
launched
testing: fivecraft 2
launching
connection error occurred, restarting TimeoutException: Connection timed out

rebooting
forwarding
using port 56972
testing: boxavatar 1
installing boxavatar
testing: boxavatar 2
installing boxavatar
testing: instacloser 1
installing instacloser
launching
launched
testing: instacloser 2
launching
launched
testing: who-am-i 1
installing who-am-i
launching
launched
testing: who-am-i 2
launching
launched
testing: ant-rss-1 1
installing ant-rss-1
launching
launched
testing: ant-rss-1 2
launching
launched
testing: airhockey 1
installing airhockey
launching
launched
testing: airhockey 2
launching
launched
testing: los-salmos-beta 1
installing los-salmos-beta
launching
launched
testing: los-salmos-beta 2
launching
launched
testing: snacks-party 1
installing snacks-party
launching
launched
testing: snacks-party 2
launching
launched
testing: editor-html 1
installing editor-html
launching
launched
testing: editor-html 2
launching
launched
testing: ruler-1 1
installing ruler-1
launching
launched
testing: ruler-1 2
launching
launched
testing: firefox-os-crackmekeygenme- 1
installing firefox-os-crackmekeygenme-
launching
launched
testing: firefox-os-crackmekeygenme- 2
launching
launched
testing: contacts2xml-2 1
installing contacts2xml-2
launching
launched
testing: contacts2xml-2 2
launching
launched
testing: server-monitor 1
installing server-monitor
launching
launched
testing: server-monitor 2
launching
launched
testing: maya-brick-breaker-the-ques 1
installing maya-brick-breaker-the-ques
launching
testing: maya-brick-breaker-the-ques 2
Marionette script error: MarionetteException: Please start a session
 running next test
restarting
rebooting
forwarding
using port 57096
testing: sopler 1
installing sopler
testing: sopler 2
installing sopler
testing: taringa-touch 1
installing taringa-touch
launching
launched
testing: taringa-touch 2
launching
launched
testing: xbox-live 1
installing xbox-live
launching
launched
testing: xbox-live 2
launching
launched
testing: edicy 1
installing edicy
launching
testing: edicy 2
launching
testing: park 1
installing park
Marionette script error: StaleElementException: Stale element reference
 running next test
restarting
rebooting
forwarding
using port 57147
testing: park 2
installing park
testing: giuliadressup 1
installing giuliadressup
launching
launched
testing: giuliadressup 2
launching
launched
testing: manymo 1
installing manymo
launching
testing: manymo 2
launching
testing: cforce 1
Marionette script error: NoSuchElementException: Unable to locate element: body
 running next test
restarting
rebooting
forwarding
using port 57186
testing: cforce 2
installing cforce
testing: halloween-defense 1
installing halloween-defense
launching
testing: halloween-defense 2
launching
testing: lantea-maps 1
Marionette script error: MarionetteException: Please start a session
 running next test
restarting
rebooting
forwarding
using port 57222
testing: lantea-maps 2
installing lantea-maps
launching
launched
connection error occurred, restarting TimeoutException: Connection timed out

rebooting
forwarding
using port 57241
testing: xe 1
installing xe
launching
launched
testing: xe 2
launching
launched
testing: financial-calculator 1
installing financial-calculator
launching
launched
testing: financial-calculator 2
launching
launched
testing: bad-luck-brain 1
installing bad-luck-brain
launching
launched
testing: bad-luck-brain 2
launching
launched
testing: 222048~ 1
installing 222048~
launching
launched
testing: 222048~ 2
launching
launched
testing: mycalc 1
installing mycalc
launching
launched
testing: mycalc 2
launching
launched
testing: rain-alarm 1
installing rain-alarm
testing: rain-alarm 2
installing rain-alarm
testing: pomodoro-1 1
installing pomodoro-1
Marionette script error: StaleElementException: Stale element reference
 running next test
restarting
rebooting
forwarding
using port 57309
testing: pomodoro-1 2
installing pomodoro-1
testing: dictionary-merriam-webster 1
installing dictionary-merriam-webster
launching
launched
testing: dictionary-merriam-webster 2
launching
launched
connection error occurred, restarting TimeoutException: Connection timed out

rebooting
forwarding
using port 57341
testing: listacompra-2 1
installing listacompra-2
testing: listacompra-2 2
installing listacompra-2
testing: star-boy 1
installing star-boy
launching
testing: star-boy 2
Marionette script error: MarionetteException: Please start a session
 running next test
restarting
rebooting
forwarding
using port 57375
testing: todo-app 1
installing todo-app
testing: todo-app 2
installing todo-app
testing: music-chords 1
installing music-chords
launching
launched
testing: music-chords 2
launching
launched
testing: musi9festagram 1
installing musi9festagram
launching
launched
testing: musi9festagram 2
launching
launched
testing: multitouch-detect 1
installing multitouch-detect
launching
launched
testing: multitouch-detect 2
launching
launched
testing: ibus-cutcsa 1
installing ibus-cutcsa
launching
launched
testing: ibus-cutcsa 2
launching
launched
testing: doze-poa 1
installing doze-poa
launching
launched
testing: doze-poa 2
launching
launched
testing: cnnexpansión 1
installing cnnexpansión
launching
launched
testing: cnnexpansión 2
launching
launched
testing: chistes 1
installing chistes
testing: chistes 2
installing chistes
testing: magic-balls 1
installing magic-balls
launching
launched
testing: magic-balls 2
launching
launched
testing: medidor-de-luz 1
installing medidor-de-luz
launching
launched
testing: medidor-de-luz 2
launching
testing: space-fox-1 1
Marionette script error: NoSuchElementException: Unable to locate element: body
 running next test
restarting
rebooting
forwarding
using port 57477
testing: space-fox-1 2
installing space-fox-1
testing: x-mens-morris-1 1
installing x-mens-morris-1
launching
launched
testing: x-mens-morris-1 2
launching
launched
testing: fútbol-al-dia 1
installing fútbol-al-dia
testing: fútbol-al-dia 2
installing fútbol-al-dia
testing: semana 1
installing semana
launching
launched
testing: semana 2
launching
launched
connection error occurred, restarting TimeoutException: Connection timed out

rebooting
forwarding
using port 57523
testing: running-man 1
installing running-man
testing: running-man 2
installing running-man
testing: warquest 1
installing warquest
launching
launched
testing: warquest 2
launching
launched
testing: physics 1
installing physics
launching
launched
testing: physics 2
launching
launched
testing: diaspora 1
installing diaspora
launching
launched
testing: diaspora 2
launching
launched
testing: dn-noticias-br 1
installing dn-noticias-br
launching
testing: dn-noticias-br 2
launching
testing: cannons-and-soldiers-2 1
installing cannons-and-soldiers-2
launching
launched
testing: cannons-and-soldiers-2 2
launching
launched
testing: catchup 1
installing catchup
launching
connection error occurred, restarting TimeoutException: Connection timed out

rebooting
forwarding
using port 57600
testing: catchup 2
launching
testing: pirate-and-parrots 1
installing pirate-and-parrots
launching
launched
testing: pirate-and-parrots 2
launching
launched
testing: finger-timer 1
installing finger-timer
launching
launched
testing: finger-timer 2
launching
launched
testing: app-map 1
installing app-map
launching
launched
testing: app-map 2
launching
launched
testing: grrds-puzzle-1 1
installing grrds-puzzle-1
launching
launched
testing: grrds-puzzle-1 2
launching
launched
testing: taskino 1
installing taskino
launching
launched
testing: taskino 2
launching
launched
testing: época 1
installing época
launching
launched
connection error occurred, restarting TimeoutException: Connection timed out

rebooting
forwarding
using port 57665
testing: época 2
launching
testing: color-picker 1
installing color-picker
launching
launched
testing: color-picker 2
launching
launched
testing: soccer-fling 1
installing soccer-fling
launching
launched
testing: soccer-fling 2
launching
launched
testing: pear 1
installing pear
launching
launched
testing: pear 2
launching
launched
testing: mozipong 1
installing mozipong
launching
launched
testing: mozipong 2
launching
launched
testing: aqui-estoy-3 1
installing aqui-estoy-3
launching
launched
testing: aqui-estoy-3 2
launching
launched
testing: password-generator 1
installing password-generator
launching
launched
testing: password-generator 2
launching
launched
testing: i-eat-donuts 1
installing i-eat-donuts
launching
launched
testing: i-eat-donuts 2
launching
launched
testing: zasca 1
installing zasca
launching
launched
testing: zasca 2
launching
launched
connection error occurred, restarting TimeoutException: Connection timed out

rebooting
forwarding
using port 57748
testing: tiempocom 1
installing tiempocom
testing: tiempocom 2
installing tiempocom
testing: snake-gestures 1
installing snake-gestures
Marionette script error: StaleElementException: Stale element reference
 running next test
restarting
rebooting
forwarding
using port 57775
testing: snake-gestures 2
installing snake-gestures
testing: nim-1 1
installing nim-1
launching
launched
testing: nim-1 2
launching
launched
testing: filmapp 1
installing filmapp
launching
launched
testing: filmapp 2
launching
launched
testing: sl-filemanager 1
installing sl-filemanager
launching
launched
testing: sl-filemanager 2
launching
launched
testing: clima 1
installing clima
launching
launched
testing: clima 2
launching
launched
testing: feedreader 1
installing feedreader
launching
launched
testing: feedreader 2
launching
testing: tetrisfun 1
Marionette script error: NoSuchElementException: Unable to locate element: body
 running next test
restarting
rebooting
forwarding
using port 57840
testing: tetrisfun 2
installing tetrisfun
testing: birthdate-love-calculator 1
installing birthdate-love-calculator
launching
launched
testing: birthdate-love-calculator 2
launching
launched
testing: light-clean 1
installing light-clean
launching
launched
testing: light-clean 2
launching
launched
testing: angelsanddevils 1
installing angelsanddevils
launching
launched
testing: angelsanddevils 2
launching
launched
testing: panorama 1
installing panorama
testing: panorama 2
installing panorama
testing: area-meter 1
installing area-meter
Marionette script error: StaleElementException: Stale element reference
 running next test
restarting
rebooting
forwarding
using port 57898
testing: area-meter 2
installing area-meter
testing: draw 1
installing draw
launching
launched
testing: draw 2
launching
launched
testing: k-ajedrez 1
installing k-ajedrez
launching
launched
testing: k-ajedrez 2
launching
launched
testing: light-1 1
installing light-1
launching
launched
testing: light-1 2
launching
launched
testing: videa 1
installing videa
launching
launched
testing: videa 2
launching
launched
testing: roundball 1
installing roundball
launching
launched
testing: roundball 2
launching
launched
testing: airsoft-fps-calculator 1
installing airsoft-fps-calculator
testing: airsoft-fps-calculator 2
installing airsoft-fps-calculator
testing: froggy-leap 1
installing froggy-leap
launching
launched
testing: froggy-leap 2
launching
launched
testing: lanterna-light-rainbow 1
installing lanterna-light-rainbow
launching
launched
testing: lanterna-light-rainbow 2
launching
launched
testing: sketchy 1
installing sketchy
launching
launched
testing: sketchy 2
launching
launched
testing: blackjack-city 1
installing blackjack-city
launching
testing: blackjack-city 2
Marionette script error: InvalidResponseException: Could not communicate with Marionette server. Is the Gecko process still running?
 running next test
restarting
rebooting
forwarding
using port 58002
testing: manzanas-mágicas 1
installing manzanas-mágicas
testing: manzanas-mágicas 2
installing manzanas-mágicas
testing: the-falling-cat-demo 1
installing the-falling-cat-demo
launching
launched
testing: the-falling-cat-demo 2
launching
launched
testing: sailorsmap 1
installing sailorsmap
launching
launched
testing: sailorsmap 2
launching
launched
testing: real-headshot 1
installing real-headshot
launching
testing: real-headshot 2
Marionette script error: InvalidResponseException: Could not communicate with Marionette server. Is the Gecko process still running?
 running next test
restarting
rebooting
forwarding
using port 58050
testing: mygithub 1
installing mygithub
testing: mygithub 2
installing mygithub
testing: image-slider 1
installing image-slider
launching
launched
testing: image-slider 2
launching
launched
testing: jbapp 1
installing jbapp
launching
testing: jbapp 2
Marionette script error: InvalidResponseException: Could not communicate with Marionette server. Is the Gecko process still running?
 running next test
restarting
rebooting
forwarding
using port 58093
testing: tic-tac-toe-7 1
installing tic-tac-toe-7
testing: tic-tac-toe-7 2
installing tic-tac-toe-7
testing: spider-squish 1
installing spider-squish
Marionette script error: StaleElementException: Stale element reference
 running next test
restarting
rebooting
forwarding
using port 58122
testing: spider-squish 2
installing spider-squish
launching
launched
testing: multiconvert 1
installing multiconvert
launching
launched
testing: multiconvert 2
launching
launched
testing: tic-tac-toe-quineinteractive 1
installing tic-tac-toe-quineinteractive
launching
launched
testing: tic-tac-toe-quineinteractive 2
launching
launched
testing: hiking-guide 1
installing hiking-guide
Marionette script error: StaleElementException: Stale element reference
 running next test
restarting
rebooting
forwarding
using port 58161
testing: hiking-guide 2
installing hiking-guide
testing: flashlight-3 1
installing flashlight-3
launching
launched
testing: flashlight-3 2
launching
launched
testing: the-haunted-mansion 1
installing the-haunted-mansion
launching
testing: the-haunted-mansion 2
launching
testing: ordo-messenger 1
Marionette script error: MarionetteException: Please start a session
 running next test
restarting
rebooting
forwarding
using port 58201
testing: ordo-messenger 2
installing ordo-messenger
launching
launched
testing: taptu 1
installing taptu
launching
testing: taptu 2
launching
testing: elevate 1
installing elevate
launching
launched
testing: elevate 2
launching
launched
testing: plapla 1
installing plapla
testing: plapla 2
installing plapla
testing: game-of-luck 1
installing game-of-luck
launching
launched
testing: game-of-luck 2
launching
launched
testing: simon-hd 1
installing simon-hd
launching
connection error occurred, restarting TimeoutException: Connection timed out

rebooting
forwarding
using port 58261
testing: simon-hd 2
launching
testing: intouch 1
installing intouch
launching
testing: intouch 2
launching
testing: tothetop 1
installing tothetop
launching
launched
testing: tothetop 2
launching
launched
testing: take-me-out 1
installing take-me-out
launching
launched
testing: take-me-out 2
launching
launched
testing: latch 1
installing latch
testing: latch 2
installing latch
testing: eu-match-center 1
installing eu-match-center
launching
launched
testing: eu-match-center 2
launching
launched
testing: bazinga 1
installing bazinga
launching
launched
testing: bazinga 2
launching
launched
testing: apass 1
installing apass
launching
launched
testing: apass 2
launching
launched
testing: brasum 1
installing brasum
launching
launched
testing: brasum 2
launching
launched
testing: nameyourbabe 1
installing nameyourbabe
launching
launched
testing: nameyourbabe 2
launching
launched
testing: appiano 1
installing appiano
launching
launched
testing: appiano 2
launching
launched
testing: authenticator-1 1
installing authenticator-1
launching
launched
testing: authenticator-1 2
launching
launched
testing: reeddit 1
installing reeddit
launching
launched
testing: reeddit 2
launching
launched
testing: breakit 1
installing breakit
launching
launched
testing: breakit 2
launching
testing: pensamentos 1
Marionette script error: NoSuchElementException: Unable to locate element: body
 running next test
restarting
rebooting
forwarding
using port 58391
testing: pensamentos 2
installing pensamentos
testing: notepin 1
installing notepin
launching
launched
testing: notepin 2
launching
launched
testing: capital-quiz 1
installing capital-quiz
launching
launched
testing: capital-quiz 2
launching
launched
testing: pío 1
installing pío
launching
launched
testing: pío 2
launching
launched
testing: colornote 1
installing colornote
launching
launched
testing: colornote 2
launching
launched
testing: dieta-e-saude 1
installing dieta-e-saude
launching
launched
testing: dieta-e-saude 2
launching
launched
testing: tummie-island 1
installing tummie-island
launching
testing: tummie-island 2
launching
testing: farkle-1 1
Marionette script error: MarionetteException: Please start a session
 running next test
restarting
rebooting
forwarding
using port 58465
testing: farkle-1 2
installing farkle-1
testing: jeweled 1
installing jeweled
launching
launched
testing: jeweled 2
launching
launched
testing: zascamole 1
installing zascamole
launching
launched
testing: zascamole 2
launching
launched
testing: fruit-quest 1
installing fruit-quest
launching
launched
testing: fruit-quest 2
launching
launched
testing: master-fisher 1
installing master-fisher
launching
launched
testing: master-fisher 2
launching
launched
testing: fiabee 1
installing fiabee
launching
launched
testing: fiabee 2
launching
launched
testing: place 1
installing place
launching
launched
testing: place 2
launching
launched
testing: gunvsaliens 1
installing gunvsaliens
testing: gunvsaliens 2
installing gunvsaliens
launching
launched
testing: periodictable 1
installing periodictable
launching
launched
testing: periodictable 2
launching
launched
testing: foxshop 1
installing foxshop
launching
launched
testing: foxshop 2
launching
launched
testing: love-calculator-1 1
installing love-calculator-1
launching
launched
testing: love-calculator-1 2
launching
launched
testing: devil39s-triangle 1
installing devil39s-triangle
launching
launched
testing: devil39s-triangle 2
launching
launched
testing: metallo 1
installing metallo
launching
launched
testing: metallo 2
launching
launched
testing: pool-fun 1
installing pool-fun
launching
launched
testing: pool-fun 2
launching
launched
testing: save-papa 1
installing save-papa
launching
launched
testing: save-papa 2
launching
launched
testing: now-i-am-at 1
installing now-i-am-at
launching
launched
testing: now-i-am-at 2
launching
launched
testing: insult-generator 1
installing insult-generator
launching
launched
testing: insult-generator 2
launching
launched
testing: michaelis-nova-ortografia 1
installing michaelis-nova-ortografia
launching
launched
testing: michaelis-nova-ortografia 2
launching
launched
testing: gabble 1
installing gabble
launching
launched
testing: gabble 2
launching
testing: happy-fly-fan-edition 1
Marionette script error: NoSuchElementException: Unable to locate element: body
 running next test
restarting
rebooting
forwarding
using port 58638
testing: happy-fly-fan-edition 2
installing happy-fly-fan-edition
launching
launched
testing: stopwatch-4 1
installing stopwatch-4
launching
launched
testing: stopwatch-4 2
launching
launched
testing: quick-note 1
installing quick-note
launching
launched
testing: quick-note 2
launching
launched
testing: tetris-bf-1 1
installing tetris-bf-1
launching
connection error occurred, restarting TimeoutException: Connection timed out

rebooting
forwarding
using port 58678
testing: tetris-bf-1 2
launching
testing: mancala-1 1
installing mancala-1
launching
launched
testing: mancala-1 2
launching
launched
testing: latin-angels-music 1
installing latin-angels-music
launching
testing: latin-angels-music 2
launching
testing: pretty-lovable 1
Marionette script error: NoSuchElementException: Unable to locate element: body
 running next test
restarting
rebooting
forwarding
using port 58718
testing: pretty-lovable 2
installing pretty-lovable
Marionette script error: MarionetteException: Error loading page
 running next test
restarting
rebooting
forwarding
using port 58737
testing: tic-tac-toe-4 1
installing tic-tac-toe-4
testing: tic-tac-toe-4 2
installing tic-tac-toe-4
testing: ok-magazine-uk 1
installing ok-magazine-uk
launching
testing: ok-magazine-uk 2
launching
launched
testing: ascom 1
installing ascom
launching
testing: ascom 2
launching
launched
testing: toypicker 1
installing toypicker
launching
launched
testing: toypicker 2
launching
launched
testing: tests-for-fun 1
installing tests-for-fun
launching
launched
testing: tests-for-fun 2
launching
launched
testing: codeit 1
installing codeit
launching
launched
testing: codeit 2
launching
launched
testing: 2dcraft 1
installing 2dcraft
launching
launched
testing: 2dcraft 2
launching
launched
testing: bolha 1
installing bolha
launching
testing: bolha 2
launching
testing: space-dodger-1 1
installing space-dodger-1
launching
launched
testing: space-dodger-1 2
launching
launched
testing: my-lists 1
installing my-lists
launching
launched
testing: my-lists 2
launching
launched
connection error occurred, restarting TimeoutException: Connection timed out

rebooting
forwarding
using port 58837
testing: the-wisp 1
installing the-wisp
testing: the-wisp 2
installing the-wisp
testing: protect-your-thing 1
installing protect-your-thing
launching
launched
testing: protect-your-thing 2
launching
launched
testing: animal-planet-1 1
installing animal-planet-1
launching
launched
testing: animal-planet-1 2
launching
launched
testing: fruit-catcher 1
installing fruit-catcher
launching
launched
testing: fruit-catcher 2
launching
launched
testing: detektorfm 1
installing detektorfm
launching
launched
testing: detektorfm 2
launching
launched
testing: vivo-chat 1
installing vivo-chat
testing: vivo-chat 2
installing vivo-chat
testing: gundam-destiny-wallpaper-an 1
installing gundam-destiny-wallpaper-an
Marionette script error: StaleElementException: Stale element reference
 running next test
restarting
rebooting
forwarding
using port 58906
testing: gundam-destiny-wallpaper-an 2
installing gundam-destiny-wallpaper-an
launching
testing: learning-animals 1
installing learning-animals
testing: learning-animals 2
installing learning-animals
testing: hangman-3 1
installing hangman-3
launching
launched
testing: hangman-3 2
launching
launched
testing: declarações 1
installing declarações
launching
launched
testing: declarações 2
launching
launched
connection error occurred, restarting TimeoutException: Connection timed out

rebooting
forwarding
using port 58949
testing: sinu 1
installing sinu
launching
testing: sinu 2
launching
testing: orion-nebula 1
Marionette script error: NoSuchElementException: Unable to locate element: body
 running next test
restarting
rebooting
forwarding
using port 58976
testing: orion-nebula 2
installing orion-nebula
testing: fxos-news 1
installing fxos-news
launching
launched
testing: fxos-news 2
launching
launched
testing: fortune-crystal-ball 1
installing fortune-crystal-ball
launching
launched
testing: fortune-crystal-ball 2
launching
launched
testing: mobilkisokos 1
installing mobilkisokos
testing: mobilkisokos 2
installing mobilkisokos
testing: fire-tasks 1
installing fire-tasks
launching
testing: fire-tasks 2
launching
testing: strobecalc 1
Marionette script error: NoSuchElementException: Unable to locate element: body
 running next test
restarting
rebooting
forwarding
using port 59033
testing: strobecalc 2
installing strobecalc
testing: el-universal-1 1
installing el-universal-1
launching
launched
testing: el-universal-1 2
launching
launched
testing: fly-helicopter 1
installing fly-helicopter
launching
testing: fly-helicopter 2
launching
launched
testing: puzzle-animals 1
installing puzzle-animals
launching
launched
testing: puzzle-animals 2
launching
launched
testing: ab-fb2-reader 1
installing ab-fb2-reader
launching
launched
testing: ab-fb2-reader 2
launching
launched
testing: sketcher 1
installing sketcher
launching
launched
testing: sketcher 2
launching
launched
testing: mancala 1
installing mancala
testing: mancala 2
installing mancala
testing: asteroid-blast 1
installing asteroid-blast
launching
launched
testing: asteroid-blast 2
launching
launched
testing: screen-message 1
installing screen-message
launching
launched
testing: screen-message 2
launching
launched
testing: discovery-channel-1 1
installing discovery-channel-1
launching
launched
testing: discovery-channel-1 2
launching
launched
testing: littleman 1
installing littleman
launching
launched
testing: littleman 2
launching
launched
testing: tic-tac-toe-2-player 1
installing tic-tac-toe-2-player
launching
launched
testing: tic-tac-toe-2-player 2
launching
launched
testing: matrix-draw 1
installing matrix-draw
launching
launched
testing: matrix-draw 2
launching
launched
testing: kekanto 1
installing kekanto
launching
launched
testing: kekanto 2
launching
launched
testing: money-manager 1
installing money-manager
launching
launched
testing: money-manager 2
launching
launched
testing: khronos 1
installing khronos
launching
launched
testing: khronos 2
launching
launched
testing: yepi-games-1 1
installing yepi-games-1
launching
launched
testing: yepi-games-1 2
launching
launched
testing: lyrics 1
installing lyrics
launching
launched
testing: lyrics 2
launching
launched
testing: free-racing 1
installing free-racing
launching
launched
Marionette script error: InvalidResponseException: Could not communicate with Marionette server. Is the Gecko process still running?
 running next test
restarting
rebooting
forwarding
using port 59200
testing: free-racing 2
launching
testing: orbit-defender 1
installing orbit-defender
launching
launched
testing: orbit-defender 2
launching
testing: cr7 1
Marionette script error: NoSuchElementException: Unable to locate element: body
 running next test
restarting
rebooting
forwarding
using port 59231
testing: cr7 2
installing cr7
testing: wifislax 1
installing wifislax
launching
launched
testing: wifislax 2
launching
launched
testing: makeup 1
installing makeup
launching
launched
testing: makeup 2
launching
launched
testing: fruity-pops 1
installing fruity-pops
testing: fruity-pops 2
installing fruity-pops
testing: tower-storm-alpha 1
installing tower-storm-alpha
Marionette script error: StaleElementException: Stale element reference
 running next test
restarting
rebooting
forwarding
using port 59278
testing: tower-storm-alpha 2
installing tower-storm-alpha
testing: blox 1
installing blox
launching
launched
testing: blox 2
launching
launched
testing: globovision 1
installing globovision
launching
launched
testing: globovision 2
launching
launched
testing: finance41 1
installing finance41
launching
launched
testing: finance41 2
launching
launched
testing: infove 1
installing infove
testing: infove 2
installing infove
testing: papertoys 1
installing papertoys
launching
launched
testing: papertoys 2
launching
launched
testing: jtri 1
installing jtri
testing: jtri 2
installing jtri
testing: páginas-amarillas-1 1
installing páginas-amarillas-1
testing: páginas-amarillas-1 2
installing páginas-amarillas-1
testing: ginger 1
installing ginger
launching
launched
testing: ginger 2
launching
launched
testing: command-cmds 1
installing command-cmds
launching
launched
testing: command-cmds 2
launching
launched
testing: simple-paint 1
installing simple-paint
launching
launched
testing: simple-paint 2
launching
launched
testing: chordwheel 1
installing chordwheel
launching
launched
testing: chordwheel 2
launching
launched
testing: perfect-match 1
installing perfect-match
launching
launched
connection error occurred, restarting TimeoutException: Connection timed out

rebooting
forwarding
using port 59394
testing: perfect-match 2
launching
testing: 3d-test 1
installing 3d-test
launching
launched
testing: 3d-test 2
launching
launched
testing: simple-speed 1
installing simple-speed
launching
launched
testing: simple-speed 2
launching
launched
testing: fucsia 1
installing fucsia
launching
launched
testing: fucsia 2
launching
launched
testing: botones 1
installing botones
launching
launched
testing: botones 2
launching
launched
testing: html-and-javascript-tutoria 1
installing html-and-javascript-tutoria
launching
launched
testing: html-and-javascript-tutoria 2
launching
launched
testing: latigo 1
installing latigo
launching
launched
testing: latigo 2
launching
launched
testing: barcode-scanner 1
installing barcode-scanner
launching
launched
testing: barcode-scanner 2
launching
launched
connection error occurred, restarting TimeoutException: Connection timed out

rebooting
forwarding
using port 59474
testing: xbmc-remote-control 1
installing xbmc-remote-control
testing: xbmc-remote-control 2
installing xbmc-remote-control
testing: draw-letters 1
installing draw-letters
launching
launched
testing: draw-letters 2
launching
launched
testing: battle-fish 1
installing battle-fish
launching
launched
testing: battle-fish 2
launching
launched
testing: flying-kiss 1
installing flying-kiss
launching
launched
testing: flying-kiss 2
launching
launched
testing: brainexer-brain-training 1
installing brainexer-brain-training
launching
launched
testing: brainexer-brain-training 2
launching
launched
testing: clonereader-beta 1
installing clonereader-beta
launching
launched
testing: clonereader-beta 2
launching
launched
testing: x-type 1
installing x-type
launching
launched
testing: x-type 2
launching
testing: tictactoe-4 1
installing tictactoe-4
testing: tictactoe-4 2
installing tictactoe-4
testing: broadside 1
installing broadside
launching
launched
testing: broadside 2
launching
launched
testing: ncp-fire 1
installing ncp-fire
testing: ncp-fire 2
installing ncp-fire
testing: desert-madness 1
installing desert-madness
Marionette script error: StaleElementException: Stale element reference
 running next test
restarting
rebooting
forwarding
using port 59578
testing: desert-madness 2
installing desert-madness
testing: car-sharing 1
installing car-sharing
launching
launched
testing: car-sharing 2
launching
launched
testing: hatsune-miku-wallpaper-anim 1
installing hatsune-miku-wallpaper-anim
launching
testing: hatsune-miku-wallpaper-anim 2
launching
launched
testing: robbo 1
installing robbo
launching
launched
testing: robbo 2
launching
launched
testing: zoggle 1
installing zoggle
launching
launched
testing: zoggle 2
launching
launched
testing: planza 1
installing planza
launching
launched
testing: planza 2
launching
launched
testing: blackjack-2 1
installing blackjack-2
testing: blackjack-2 2
installing blackjack-2
testing: notes-1 1
installing notes-1
launching
launched
testing: notes-1 2
launching
launched
testing: autoesporte 1
installing autoesporte
launching
connection error occurred, restarting TimeoutException: Connection timed out

rebooting
forwarding
using port 59660
testing: autoesporte 2
launching
testing: geospot 1
installing geospot
launching
launched
testing: geospot 2
launching
launched
testing: forest-jump 1
installing forest-jump
launching
testing: forest-jump 2
launching
testing: eggs-catcher 1
installing eggs-catcher
launching
launched
testing: eggs-catcher 2
launching
launched
testing: weathermap 1
installing weathermap
launching
launched
testing: weathermap 2
launching
launched
testing: kids-fingers 1
installing kids-fingers
testing: kids-fingers 2
installing kids-fingers
testing: televideo-rai 1
installing televideo-rai
Marionette script error: StaleElementException: Stale element reference
 running next test
restarting
rebooting
forwarding
using port 59726
testing: televideo-rai 2
installing televideo-rai
testing: games-room-2 1
installing games-room-2
launching
launched
testing: games-room-2 2
launching
launched
testing: radiation 1
installing radiation
launching
launched
testing: radiation 2
launching
launched
testing: yohoho-1 1
installing yohoho-1
testing: yohoho-1 2
installing yohoho-1
testing: grooveshark 1
installing grooveshark
launching
launched
testing: grooveshark 2
launching
launched
testing: zwap_tv 1
installing zwap_tv
launching
launched
testing: zwap_tv 2
launching
launched
testing: animeasia 1
installing animeasia
launching
launched
testing: animeasia 2
launching
connection error occurred, restarting TimeoutException: Connection timed out

rebooting
forwarding
using port 59799
testing: crazy-frog 1
installing crazy-frog
testing: crazy-frog 2
installing crazy-frog
testing: qb 1
installing qb
launching
launched
testing: qb 2
launching
launched
testing: timer-2 1
installing timer-2
launching
launched
testing: timer-2 2
launching
launched
testing: bateria-1 1
installing bateria-1
testing: bateria-1 2
installing bateria-1
testing: super-calculadora 1
installing super-calculadora
Marionette script error: StaleElementException: Stale element reference
 running next test
restarting
rebooting
forwarding
using port 59850
testing: super-calculadora 2
installing super-calculadora
testing: turnme-panorama 1
installing turnme-panorama
launching
launched
testing: turnme-panorama 2
launching
launched
testing: speed-cube-timer-1 1
installing speed-cube-timer-1
launching
launched
testing: speed-cube-timer-1 2
launching
launched
testing: nerdcast-player 1
installing nerdcast-player
launching
launched
testing: nerdcast-player 2
launching
launched
testing: battery-fox 1
installing battery-fox
launching
launched
testing: battery-fox 2
launching
launched
testing: coin-flip 1
installing coin-flip
launching
launched
testing: coin-flip 2
launching
launched
testing: operadora 1
installing operadora
launching
launched
testing: operadora 2
launching
launched
testing: tip-tap-tile-2 1
installing tip-tap-tile-2
launching
launched
testing: tip-tap-tile-2 2
launching
launched
testing: bobojump 1
installing bobojump
launching
launched
testing: bobojump 2
launching
launched
testing: timer-1 1
installing timer-1
launching
launched
testing: timer-1 2
launching
launched
testing: zcalc 1
installing zcalc
launching
launched
testing: zcalc 2
launching
launched
testing: video-poker-party 1
installing video-poker-party
launching
testing: video-poker-party 2
launching
testing: batenots 1
installing batenots
launching
launched
testing: batenots 2
launching
launched
testing: buzzfeed 1
installing buzzfeed
launching
testing: buzzfeed 2
launching
testing: chatbot 1
installing chatbot
Marionette script error: StaleElementException: Stale element reference
 running next test
restarting
rebooting
forwarding
using port 59982
testing: chatbot 2
installing chatbot
testing: desert-rescue-1 1
installing desert-rescue-1
launching
launched
testing: desert-rescue-1 2
launching
launched
testing: weather-1 1
installing weather-1
launching
launched
testing: weather-1 2
launching
launched
testing: chill-radio 1
installing chill-radio
launching
testing: chill-radio 2
launching
testing: dnb-player 1
installing dnb-player
testing: dnb-player 2
installing dnb-player
testing: tuxcrates 1
installing tuxcrates
launching
testing: tuxcrates 2
launching
testing: run-and-bun 1
installing run-and-bun
launching
testing: run-and-bun 2
launching
testing: mcentrega 1
Marionette script error: NoSuchElementException: Unable to locate element: body
 running next test
restarting
rebooting
forwarding
using port 60054
testing: mcentrega 2
installing mcentrega
testing: im-here 1
installing im-here
launching
launched
testing: im-here 2
launching
launched
testing: allrecipes-brasil 1
installing allrecipes-brasil
testing: allrecipes-brasil 2
installing allrecipes-brasil
testing: usb-3d 1
installing usb-3d
launching
testing: usb-3d 2
launching
launched
testing: decolarcom 1
installing decolarcom
testing: decolarcom 2
installing decolarcom
testing: feedmonkey 1
installing feedmonkey
launching
launched
testing: feedmonkey 2
launching
launched
testing: fast-finger 1
installing fast-finger
testing: fast-finger 2
installing fast-finger
testing: jump-to-the-stars 1
installing jump-to-the-stars
launching
launched
testing: jump-to-the-stars 2
launching
launched
testing: beauty-shop 1
installing beauty-shop
testing: beauty-shop 2
installing beauty-shop
testing: ht-live-viewer-1 1
installing ht-live-viewer-1
Marionette script error: StaleElementException: Stale element reference
 running next test
restarting
rebooting
forwarding
using port 60146
testing: ht-live-viewer-1 2
installing ht-live-viewer-1
testing: weather-app-for-google 1
installing weather-app-for-google
launching
launched
testing: weather-app-for-google 2
launching
launched
testing: reloj-mundial 1
installing reloj-mundial
launching
launched
testing: reloj-mundial 2
launching
launched
testing: mobilenote 1
installing mobilenote
launching
launched
testing: mobilenote 2
launching
launched
testing: blackjack-vegas 1
installing blackjack-vegas
launching
launched
testing: blackjack-vegas 2
launching
launched
testing: atlnacional 1
installing atlnacional
launching
launched
testing: atlnacional 2
launching
launched
testing: postfix-calculator 1
installing postfix-calculator
launching
launched
testing: postfix-calculator 2
launching
launched
testing: pogoda 1
installing pogoda
launching
testing: pogoda 2
launching
testing: simple-calorie-counter 1
installing simple-calorie-counter
launching
launched
testing: simple-calorie-counter 2
launching
launched
testing: zirma 1
installing zirma
launching
connection error occurred, restarting TimeoutException: Connection timed out

rebooting
forwarding
using port 60238
testing: zirma 2
launching
testing: entanglement-1 1
installing entanglement-1
launching
connection error occurred, restarting TimeoutException: Timed out after 30.7756149769 seconds

rebooting
forwarding
using port 60261
testing: entanglement-1 2
launching
testing: snake-reloaded-multiplayer 1
installing snake-reloaded-multiplayer
launching
launched
testing: snake-reloaded-multiplayer 2
launching
launched
testing: galinha-pintadinha 1
installing galinha-pintadinha
testing: galinha-pintadinha 2
installing galinha-pintadinha
testing: flappy-hurtado 1
installing flappy-hurtado
launching
launched
testing: flappy-hurtado 2
launching
launched
testing: xml2contacts 1
installing xml2contacts
launching
launched
testing: xml2contacts 2
launching
launched
testing: vg-3rayas 1
installing vg-3rayas
launching
launched
testing: vg-3rayas 2
launching
launched
testing: mercado 1
installing mercado
launching
launched
testing: mercado 2
launching
launched
testing: battery-monitor 1
installing battery-monitor
launching
launched
testing: battery-monitor 2
launching
launched
testing: amor 1
installing amor
launching
testing: amor 2
launching
testing: slide-puzzle 1
installing slide-puzzle
testing: slide-puzzle 2
installing slide-puzzle
testing: football-fever 1
installing football-fever
launching
launched
testing: football-fever 2
launching
launched
testing: gbrid 1
installing gbrid
launching
launched
testing: gbrid 2
launching
launched
testing: desastres 1
installing desastres
launching
launched
testing: desastres 2
launching
launched
testing: sharetv 1
installing sharetv
launching
launched
testing: sharetv 2
launching
launched
testing: bridal 1
installing bridal
launching
launched
testing: bridal 2
launching
launched
testing: tuong-battery 1
installing tuong-battery
launching
launched
testing: tuong-battery 2
launching
launched
testing: songkick-concerts 1
installing songkick-concerts
testing: songkick-concerts 2
installing songkick-concerts
testing: mymenu 1
installing mymenu
launching
launched
testing: mymenu 2
launching
launched
testing: building-blocks 1
installing building-blocks
testing: building-blocks 2
installing building-blocks
testing: winter-is-coming 1
installing winter-is-coming
Marionette script error: StaleElementException: Stale element reference
 running next test
restarting
rebooting
forwarding
using port 60433
testing: winter-is-coming 2
installing winter-is-coming
launching
launched
testing: tictactoe-6 1
installing tictactoe-6
launching
launched
testing: tictactoe-6 2
launching
launched
testing: mathemathicsapp-offline 1
installing mathemathicsapp-offline
launching
launched
testing: mathemathicsapp-offline 2
launching
testing: crono-1 1
Marionette script error: NoSuchElementException: Unable to locate element: body
 running next test
restarting
rebooting
forwarding
using port 60472
testing: crono-1 2
installing crono-1
Marionette script error: StaleElementException: Stale element reference
 running next test
restarting
rebooting
forwarding
using port 60491
testing: triplex 1
installing triplex
testing: triplex 2
installing triplex
testing: lastpass 1
installing lastpass
launching
launched
testing: lastpass 2
launching
launched
testing: solarpedia 1
installing solarpedia
launching
launched
testing: solarpedia 2
launching
launched
testing: mandexplorer 1
installing mandexplorer
launching
launched
testing: mandexplorer 2
launching
launched
testing: thestopwatch 1
installing thestopwatch
testing: thestopwatch 2
installing thestopwatch
testing: mypicture 1
installing mypicture
Marionette script error: StaleElementException: Stale element reference
 running next test
restarting
rebooting
forwarding
using port 60552
testing: mypicture 2
installing mypicture
testing: crafty-crafty 1
installing crafty-crafty
launching
connection error occurred, restarting TimeoutException: Connection timed out

rebooting
forwarding
using port 60575
testing: crafty-crafty 2
launching
testing: telefonicawebapp 1
installing telefonicawebapp
launching
launched
testing: telefonicawebapp 2
launching
launched
testing: kdbreader 1
installing kdbreader
launching
launched
testing: kdbreader 2
launching
testing: smartmobile 1
Marionette script error: NoSuchElementException: Unable to locate element: body
 running next test
restarting
rebooting
forwarding
using port 60614
testing: smartmobile 2
installing smartmobile
testing: lights 1
installing lights
Marionette script error: StaleElementException: Stale element reference
 running next test
restarting
rebooting
forwarding
using port 60637
testing: lights 2
installing lights
testing: octopus-blast-ink-rush 1
installing octopus-blast-ink-rush
launching
testing: octopus-blast-ink-rush 2
launching
testing: podometre 1
Marionette script error: MarionetteException: Please start a session
 running next test
restarting
rebooting
forwarding
using port 60673
testing: podometre 2
installing podometre
launching
launched
testing: fantasyvengeance 1
installing fantasyvengeance
launching
launched
testing: fantasyvengeance 2
launching
launched
testing: black-jack 1
installing black-jack
launching
launched
testing: black-jack 2
launching
launched
testing: ant-rss 1
installing ant-rss
Marionette script error: StaleElementException: Stale element reference
 running next test
restarting
rebooting
forwarding
using port 60712
testing: ant-rss 2
installing ant-rss
testing: meridiano 1
installing meridiano
launching
launched
connection error occurred, restarting TimeoutException: Connection timed out

rebooting
forwarding
using port 60736
testing: meridiano 2
launching
testing: unlimited-black-jack 1
installing unlimited-black-jack
launching
launched
testing: unlimited-black-jack 2
launching
launched
testing: bubble-hit-1 1
installing bubble-hit-1
launching
launched
testing: bubble-hit-1 2
launching
launched
testing: paintmydash 1
installing paintmydash
launching
launched
testing: paintmydash 2
launching
launched
testing: space-shooter-1 1
installing space-shooter-1
launching
launched
testing: space-shooter-1 2
launching
launched
testing: whitelantern 1
installing whitelantern
launching
launched
testing: whitelantern 2
launching
launched
testing: firenote 1
installing firenote
launching
launched
testing: firenote 2
launching
launched
testing: kungfu-brain 1
installing kungfu-brain
launching
testing: kungfu-brain 2
Marionette script error: InvalidResponseException: Could not communicate with Marionette server. Is the Gecko process still running?
 running next test
restarting
rebooting
forwarding
using port 60816
testing: gocomo 1
installing gocomo
launching
testing: gocomo 2
launching
launched
testing: stop-ex-1 1
installing stop-ex-1
launching
testing: stop-ex-1 2
Marionette script error: MarionetteException: Please start a session
 running next test
restarting
rebooting
forwarding
using port 60848
testing: marcador-para-pontos-de-vid 1
installing marcador-para-pontos-de-vid
testing: marcador-para-pontos-de-vid 2
installing marcador-para-pontos-de-vid
testing: alpha-defender 1
installing alpha-defender
Marionette script error: StaleElementException: Stale element reference
 running next test
restarting
rebooting
forwarding
using port 60875
testing: alpha-defender 2
installing alpha-defender
testing: skyrockmobi 1
installing skyrockmobi
launching
launched
testing: skyrockmobi 2
launching
launched
testing: voicity 1
installing voicity
launching
launched
testing: voicity 2
launching
launched
testing: fireconverter 1
installing fireconverter
launching
launched
testing: fireconverter 2
launching
launched
testing: easy-chords 1
installing easy-chords
launching
launched
testing: easy-chords 2
launching
launched
testing: hanged 1
installing hanged
launching
launched
testing: hanged 2
launching
launched
testing: sudoku-handy 1
installing sudoku-handy
launching
launched
testing: sudoku-handy 2
launching
launched
testing: flick-2-dunk 1
installing flick-2-dunk
launching
launched
testing: flick-2-dunk 2
launching
launched
testing: contact-alien 1
installing contact-alien
testing: contact-alien 2
installing contact-alien
testing: git-browser 1
installing git-browser
launching
launched
testing: git-browser 2
launching
launched
testing: handedness-checker 1
installing handedness-checker
launching
launched
testing: handedness-checker 2
launching
launched
testing: lancenet 1
installing lancenet
launching
launched
testing: lancenet 2
launching
launched
testing: magic-8-ball-1 1
installing magic-8-ball-1
launching
launched
testing: magic-8-ball-1 2
launching
launched
testing: dropflowers 1
installing dropflowers
testing: dropflowers 2
installing dropflowers
testing: terra-icons 1
installing terra-icons
Marionette script error: StaleElementException: Stale element reference
 running next test
restarting
rebooting
forwarding
using port 61009
testing: terra-icons 2
installing terra-icons
launching
launched
testing: ubuntu-commands-reference 1
installing ubuntu-commands-reference
launching
launched
testing: ubuntu-commands-reference 2
launching
launched
testing: binary-clock 1
installing binary-clock
launching
launched
testing: binary-clock 2
launching
launched
testing: pedo-meter 1
installing pedo-meter
launching
launched
testing: pedo-meter 2
launching
launched
testing: bzdeck 1
installing bzdeck
launching
launched
testing: bzdeck 2
launching
launched
testing: magic-stones-1 1
installing magic-stones-1
launching
launched
testing: magic-stones-1 2
launching
launched
testing: from-paris-with-love 1
installing from-paris-with-love
launching
launched
testing: from-paris-with-love 2
launching
launched
testing: rarefeitos 1
installing rarefeitos
testing: rarefeitos 2
installing rarefeitos
testing: color-flashlight 1
installing color-flashlight
Marionette script error: StaleElementException: Stale element reference
 running next test
restarting
rebooting
forwarding
using port 61094
testing: color-flashlight 2
installing color-flashlight
launching
launched
testing: success-predicator-1 1
installing success-predicator-1
launching
launched
testing: success-predicator-1 2
launching
launched
testing: termometro 1
installing termometro
testing: termometro 2
installing termometro
testing: lista 1
installing lista
Marionette script error: StaleElementException: Stale element reference
 running next test
restarting
rebooting
forwarding
using port 61133
testing: lista 2
installing lista
testing: galdic 1
installing galdic
launching
launched
testing: galdic 2
launching
launched
testing: sudoku-5 1
installing sudoku-5
launching
launched
testing: sudoku-5 2
launching
launched
testing: sherlock-holmes-2 1
installing sherlock-holmes-2
launching
launched
testing: sherlock-holmes-2 2
launching
launched
testing: love-calculator-3 1
installing love-calculator-3
launching
launched
testing: love-calculator-3 2
launching
launched
testing: life-of-fish 1
installing life-of-fish
launching
launched
testing: life-of-fish 2
launching
launched
testing: bol-celular 1
installing bol-celular
testing: bol-celular 2
installing bol-celular
testing: mydiary 1
installing mydiary
launching
launched
testing: mydiary 2
launching
launched
testing: web-ping 1
installing web-ping
launching
launched
testing: web-ping 2
launching
launched
testing: jogo-da-bíblia 1
installing jogo-da-bíblia
launching
testing: jogo-da-bíblia 2
launching
testing: zombie-pop 1
installing zombie-pop
launching
launched
testing: zombie-pop 2
launching
launched
testing: fusion 1
installing fusion
launching
launched
testing: fusion 2
launching
launched
testing: ohm-calc 1
installing ohm-calc
launching
launched
testing: ohm-calc 2
launching
launched
testing: santas-helpers 1
installing santas-helpers
launching
launched
testing: santas-helpers 2
launching
launched
testing: countdown-timer 1
installing countdown-timer
testing: countdown-timer 2
installing countdown-timer
testing: sandboxd 1
installing sandboxd
launching
connection error occurred, restarting TimeoutException: Timed out after 33.6322979927 seconds

rebooting
forwarding
using port 61273
testing: sandboxd 2
launching
testing: mastermind-1 1
installing mastermind-1
launching
launched
testing: mastermind-1 2
launching
launched
testing: iq-fitfun 1
installing iq-fitfun
testing: iq-fitfun 2
installing iq-fitfun
testing: diving-kitties 1
installing diving-kitties
launching
testing: diving-kitties 2
launching
testing: farm-squares 1
Marionette script error: MarionetteException: Please start a session
 running next test
restarting
rebooting
forwarding
using port 61321
testing: farm-squares 2
installing farm-squares
launching
launched
testing: word-drop 1
installing word-drop
launching
launched
testing: word-drop 2
launching
launched
testing: puxxle 1
installing puxxle
launching
launched
testing: puxxle 2
launching
launched
testing: forecast 1
installing forecast
launching
launched
testing: forecast 2
launching
launched
testing: jm-cines-ica 1
installing jm-cines-ica
launching
launched
testing: jm-cines-ica 2
launching
launched
testing: moneytrail 1
installing moneytrail
testing: moneytrail 2
installing moneytrail
testing: speed-dial 1
installing speed-dial
Marionette script error: StaleElementException: Stale element reference
 running next test
restarting
rebooting
forwarding
using port 61389
testing: speed-dial 2
installing speed-dial
testing: sudoku-1 1
installing sudoku-1
launching
testing: sudoku-1 2
launching
testing: canvas 1
installing canvas
launching
launched
testing: canvas 2
launching
launched
testing: sudoku-4 1
installing sudoku-4
launching
launched
testing: sudoku-4 2
launching
launched
testing: dragon-dash 1
installing dragon-dash
launching
launched
testing: dragon-dash 2
launching
testing: cravox 1
Marionette script error: NoSuchElementException: Unable to locate element: body
 running next test
restarting
rebooting
forwarding
using port 61444
testing: cravox 2
installing cravox
testing: blueman-jump 1
installing blueman-jump
launching
launched
testing: blueman-jump 2
launching
launched
testing: movistarco 1
installing movistarco
launching
launched
testing: movistarco 2
launching
launched
testing: calculadora-2 1
installing calculadora-2
launching
launched
testing: calculadora-2 2
launching
launched
testing: pixel-wars 1
installing pixel-wars
testing: pixel-wars 2
installing pixel-wars
testing: flames-1 1
installing flames-1
Marionette script error: StaleElementException: Stale element reference
 running next test
restarting
rebooting
forwarding
using port 61505
testing: flames-1 2
installing flames-1
testing: maplink 1
installing maplink
launching
testing: maplink 2
launching
testing: hereyouare 1
installing hereyouare
Marionette script error: StaleElementException: Stale element reference
 running next test
restarting
rebooting
forwarding
using port 61536
testing: hereyouare 2
installing hereyouare
launching
launched
testing: web-colors 1
installing web-colors
launching
launched
testing: web-colors 2
launching
launched
testing: daily-express 1
installing daily-express
launching
launched
testing: daily-express 2
launching
launched
testing: corinthians-sportv 1
installing corinthians-sportv
testing: corinthians-sportv 2
installing corinthians-sportv
testing: whats-my-ip 1
installing whats-my-ip
Marionette script error: StaleElementException: Stale element reference
 running next test
restarting
rebooting
forwarding
using port 61584
testing: whats-my-ip 2
installing whats-my-ip
testing: biblez 1
installing biblez
launching
launched
testing: biblez 2
launching
launched
testing: bubbles-2 1
installing bubbles-2
launching
testing: bubbles-2 2
launching
testing: battle-fish-1 1
Marionette script error: NoSuchElementException: Unable to locate element: body
 running next test
restarting
rebooting
forwarding
using port 61624
testing: battle-fish-1 2
installing battle-fish-1
testing: gerador-de-loterias 1
installing gerador-de-loterias
launching
launched
testing: gerador-de-loterias 2
launching
launched
testing: jelly-fish 1
installing jelly-fish
launching
launched
testing: jelly-fish 2
launching
launched
testing: symbolica 1
installing symbolica
launching
testing: symbolica 2
launching
launched
connection error occurred, restarting TimeoutException: Connection timed out

rebooting
forwarding
using port 61673
testing: color-flood 1
installing color-flood
testing: color-flood 2
installing color-flood
testing: mira-la-prima 1
installing mira-la-prima
launching
testing: mira-la-prima 2
launching
testing: password-tools 1
installing password-tools
launching
launched
testing: password-tools 2
launching
launched
testing: lamp-light-torch 1
installing lamp-light-torch
testing: lamp-light-torch 2
installing lamp-light-torch
testing: qrcoder 1
installing qrcoder
launching
launched
testing: qrcoder 2
launching
launched
testing: geoloc 1
installing geoloc
launching
launched
testing: geoloc 2
launching
launched
testing: bmi-calculator-2 1
installing bmi-calculator-2
testing: bmi-calculator-2 2
installing bmi-calculator-2
testing: snakefox 1
installing snakefox
launching
launched
testing: snakefox 2
launching
launched
testing: passcode 1
installing passcode
launching
launched
testing: passcode 2
launching
launched
testing: guia-meu-app 1
installing guia-meu-app
launching
launched
testing: guia-meu-app 2
launching
launched
testing: radio-paradise 1
installing radio-paradise
launching
launched
testing: radio-paradise 2
launching
launched
testing: utilisima 1
installing utilisima
launching
launched
testing: utilisima 2
launching
launched
testing: gr-mob-operator-finder 1
installing gr-mob-operator-finder
launching
launched
testing: gr-mob-operator-finder 2
launching
launched
testing: weather-app-1 1
installing weather-app-1
launching
launched
testing: weather-app-1 2
launching
launched
testing: wizard-vs-orcs 1
installing wizard-vs-orcs
launching
launched
Marionette script error: InvalidResponseException: Could not communicate with Marionette server. Is the Gecko process still running?
 running next test
restarting
rebooting
forwarding
using port 61810
testing: wizard-vs-orcs 2
launching
testing: estampas 1
installing estampas
launching
launched
testing: estampas 2
launching
launched
testing: apród 1
installing apród
testing: apród 2
installing apród
testing: solitaire 1
installing solitaire
launching
launched
testing: solitaire 2
launching
launched
testing: persuasion 1
installing persuasion
launching
testing: persuasion 2
launching
launched
testing: unior-chess 1
installing unior-chess
launching
launched
testing: unior-chess 2
launching
launched
testing: flappy-airplane 1
installing flappy-airplane
testing: flappy-airplane 2
installing flappy-airplane
testing: sudoku-3 1
installing sudoku-3
Marionette script error: StaleElementException: Stale element reference
 running next test
restarting
rebooting
forwarding
using port 61882
testing: sudoku-3 2
installing sudoku-3
testing: neon-trio 1
installing neon-trio
launching
launched
testing: neon-trio 2
launching
launched
testing: cleancalc 1
installing cleancalc
testing: cleancalc 2
installing cleancalc
testing: just-relax 1
installing just-relax
Marionette script error: StaleElementException: Stale element reference
 running next test
restarting
rebooting
forwarding
using port 61927
testing: just-relax 2
installing just-relax
testing: qrcode-generator-1 1
installing qrcode-generator-1
launching
launched
testing: qrcode-generator-1 2
launching
launched
testing: recarga-facil 1
installing recarga-facil
launching
launched
testing: recarga-facil 2
launching
launched
testing: leo-1 1
installing leo-1
launching
launched
connection error occurred, restarting TimeoutException: Connection timed out

rebooting
forwarding
using port 61966
testing: leo-1 2
launching
testing: resumo-de-novelas 1
installing resumo-de-novelas
launching
launched
testing: resumo-de-novelas 2
launching
launched
testing: metronome-1 1
installing metronome-1
launching
launched
testing: metronome-1 2
launching
launched
testing: workout 1
installing workout
launching
launched
testing: workout 2
launching
launched
connection error occurred, restarting TimeoutException: Connection timed out

rebooting
forwarding
using port 62013
testing: libero 1
installing libero
testing: libero 2
installing libero
testing: wallcup 1
installing wallcup
Marionette script error: StaleElementException: Stale element reference
 running next test
restarting
rebooting
forwarding
using port 62042
testing: wallcup 2
installing wallcup
testing: building-blocks-1 1
installing building-blocks-1
launching
launched
testing: building-blocks-1 2
launching
launched
testing: colheradas 1
installing colheradas
launching
launched
testing: colheradas 2
launching
testing: parking 1
Marionette script error: NoSuchElementException: Unable to locate element: body
 running next test
restarting
rebooting
forwarding
using port 62081
testing: parking 2
installing parking
Marionette script error: MarionetteException: Error loading page
 running next test
restarting
rebooting
forwarding
using port 62100
testing: passmeter 1
installing passmeter
testing: passmeter 2
installing passmeter
testing: calorie-calc-1 1
installing calorie-calc-1
launching
launched
testing: calorie-calc-1 2
launching
launched
testing: tee-jump 1
installing tee-jump
launching
launched
testing: tee-jump 2
launching
launched
testing: medieval-vs-mars 1
installing medieval-vs-mars
launching
launched
testing: medieval-vs-mars 2
launching
launched
testing: telepizza 1
installing telepizza
launching
testing: telepizza 2
launching
launched
testing: what2pack 1
installing what2pack
launching
launched
testing: what2pack 2
launching
launched
testing: zombie-lines 1
installing zombie-lines
launching
launched
testing: zombie-lines 2
launching
launched
testing: mybraingame 1
installing mybraingame
launching
launched
testing: mybraingame 2
launching
launched
testing: tic-tac-toe-ludei 1
installing tic-tac-toe-ludei
launching
launched
testing: tic-tac-toe-ludei 2
launching
launched
testing: aqua-rescue 1
installing aqua-rescue
launching
testing: aqua-rescue 2
Marionette script error: InvalidResponseException: Could not communicate with Marionette server. Is the Gecko process still running?
 running next test
restarting
rebooting
forwarding
using port 62198
testing: royal-solitaire 1
installing royal-solitaire
testing: royal-solitaire 2
installing royal-solitaire
testing: blastball 1
installing blastball
Marionette script error: StaleElementException: Stale element reference
 running next test
restarting
rebooting
forwarding
using port 62227
testing: blastball 2
installing blastball
testing: important-numbers 1
installing important-numbers
launching
launched
testing: important-numbers 2
launching
launched
testing: french-love-test 1
installing french-love-test
launching
launched
testing: french-love-test 2
launching
launched
testing: firefox-os-app-crackme 1
installing firefox-os-app-crackme
testing: firefox-os-app-crackme 2
installing firefox-os-app-crackme
testing: pegn 1
installing pegn
Marionette script error: StaleElementException: Stale element reference
 running next test
restarting
rebooting
forwarding
using port 62274
testing: pegn 2
installing pegn
testing: coconut-beach 1
installing coconut-beach
launching
launched
testing: coconut-beach 2
launching
launched
testing: pyrolee-free 1
installing pyrolee-free
launching
launched
testing: pyrolee-free 2
launching
launched
testing: size-run 1
installing size-run
launching
launched
testing: size-run 2
launching
launched
testing: animemory 1
installing animemory
launching
launched
testing: animemory 2
launching
launched
testing: rest-cat 1
installing rest-cat
connection error occurred, restarting JavascriptException: AbortError
stacktrace:
	@, line 0


rebooting
forwarding
using port 62333
testing: rest-cat 2
installing rest-cat
launching
launched
testing: checkers-3 1
installing checkers-3
launching
launched
testing: checkers-3 2
launching
launched
testing: chickens-race 1
installing chickens-race
testing: chickens-race 2
installing chickens-race
testing: rhino-rink 1
installing rhino-rink
Marionette script error: StaleElementException: Stale element reference
 running next test
restarting
rebooting
forwarding
using port 62374
testing: rhino-rink 2
installing rhino-rink
testing: isword 1
installing isword
launching
launched
testing: isword 2
launching
launched
testing: srickie 1
installing srickie
launching
launched
testing: srickie 2
launching
launched
testing: blackjack-4 1
installing blackjack-4
launching
launched
testing: blackjack-4 2
launching
launched
testing: beautiful-worm 1
installing beautiful-worm
launching
testing: beautiful-worm 2
Marionette script error: MarionetteException: Please start a session
 running next test
restarting
rebooting
forwarding
using port 62425
testing: berry-bug 1
installing berry-bug
testing: berry-bug 2
installing berry-bug
testing: my-book 1
installing my-book
Marionette script error: StaleElementException: Stale element reference
 running next test
restarting
rebooting
forwarding
using port 62455
testing: my-book 2
installing my-book
testing: battery-1 1
installing battery-1
launching
launched
testing: battery-1 2
launching
launched
testing: firechart 1
installing firechart
launching
launched
testing: firechart 2
launching
launched
testing: charts-1 1
installing charts-1
launching
launched
testing: charts-1 2
launching
launched
testing: blitzerde 1
installing blitzerde
launching
launched
testing: blitzerde 2
launching
launched
testing: alec 1
installing alec
testing: alec 2
installing alec
testing: cleverlize 1
installing cleverlize
launching
launched
testing: cleverlize 2
launching
launched
testing: gare-tiro-con-larco 1
installing gare-tiro-con-larco
launching
launched
testing: gare-tiro-con-larco 2
launching
launched
testing: hype-machine 1
installing hype-machine
launching
launched
testing: hype-machine 2
launching
launched
testing: transitobh 1
installing transitobh
launching
launched
testing: transitobh 2
launching
launched
testing: my-name-is 1
installing my-name-is
launching
launched
testing: my-name-is 2
launching
launched
testing: everynote 1
installing everynote
launching
launched
testing: everynote 2
launching
launched
testing: brainie 1
installing brainie
launching
launched
testing: brainie 2
launching
launched
testing: fx-tetris 1
installing fx-tetris
launching
launched
testing: fx-tetris 2
launching
launched
testing: agenda 1
installing agenda
testing: agenda 2
installing agenda
launching
launched
testing: branagh-sb1 1
installing branagh-sb1
launching
launched
testing: branagh-sb1 2
launching
launched
testing: radio-13 1
installing radio-13
launching
testing: radio-13 2
launching
testing: cronoreloj 1
installing cronoreloj
Marionette script error: StaleElementException: Stale element reference
 running next test
restarting
rebooting
forwarding
using port 62608
testing: cronoreloj 2
installing cronoreloj
launching
launched
testing: studynoise 1
installing studynoise
launching
launched
testing: studynoise 2
launching
launched
testing: aliexpress 1
installing aliexpress
launching
launched
testing: aliexpress 2
launching
launched
testing: rae 1
installing rae
launching
launched
testing: rae 2
launching
launched
testing: calculator-6 1
installing calculator-6
launching
launched
testing: calculator-6 2
launching
launched
testing: dice5 1
installing dice5
launching
launched
testing: dice5 2
launching
launched
testing: wppl 1
installing wppl
launching
launched
testing: wppl 2
launching
launched
testing: ali-baba-hog-sp-free 1
installing ali-baba-hog-sp-free
launching
launched
testing: ali-baba-hog-sp-free 2
launching
launched
testing: conversor-de-temperatura 1
installing conversor-de-temperatura
testing: conversor-de-temperatura 2
installing conversor-de-temperatura
testing: hexplode-1 1
installing hexplode-1
Marionette script error: StaleElementException: Stale element reference
 running next test
restarting
rebooting
forwarding
using port 62701
testing: hexplode-1 2
installing hexplode-1
Marionette script error: MarionetteException: Error loading page
 running next test
restarting
rebooting
forwarding
using port 62720
testing: stop-it-free 1
installing stop-it-free
launching
launched
testing: stop-it-free 2
launching
launched
testing: eight-queens 1
installing eight-queens
launching
launched
testing: eight-queens 2
launching
launched
testing: shotclock 1
installing shotclock
testing: shotclock 2
installing shotclock
testing: spiny-tom 1
installing spiny-tom
Marionette script error: StaleElementException: Stale element reference
 running next test
restarting
rebooting
forwarding
using port 62763
testing: spiny-tom 2
installing spiny-tom
Marionette script error: MarionetteException: Error loading page
 running next test
restarting
rebooting
forwarding
using port 62782
testing: excel 1
installing excel
testing: excel 2
installing excel
testing: jewel-hunt 1
installing jewel-hunt
Marionette script error: StaleElementException: Stale element reference
 running next test
restarting
rebooting
forwarding
using port 62809
testing: jewel-hunt 2
installing jewel-hunt
launching
launched
testing: spin 1
installing spin
testing: spin 2
installing spin
testing: grocery-tycoon 1
installing grocery-tycoon
Marionette script error: StaleElementException: Stale element reference
 running next test
restarting
rebooting
forwarding
using port 62842
testing: grocery-tycoon 2
installing grocery-tycoon
launching
launched
testing: italia-webcam 1
installing italia-webcam
testing: italia-webcam 2
installing italia-webcam
testing: szamjatek 1
installing szamjatek
Marionette script error: StaleElementException: Stale element reference
 running next test
restarting
rebooting
forwarding
using port 62876
testing: szamjatek 2
installing szamjatek
launching
launched
testing: tic-tac-toe-6 1
installing tic-tac-toe-6
launching
launched
testing: tic-tac-toe-6 2
launching
launched
testing: pan-de-vida 1
installing pan-de-vida
testing: pan-de-vida 2
installing pan-de-vida
testing: lights-out 1
installing lights-out
launching
launched
testing: lights-out 2
launching
launched
testing: zlizer 1
installing zlizer
launching
launched
testing: zlizer 2
launching
launched
testing: bass-notes-4-string 1
installing bass-notes-4-string
testing: bass-notes-4-string 2
installing bass-notes-4-string
testing: bash-programming-reference 1
installing bash-programming-reference
launching
launched
testing: bash-programming-reference 2
launching
launched
testing: sweet-surprise-slots 1
installing sweet-surprise-slots
testing: sweet-surprise-slots 2
installing sweet-surprise-slots
testing: anchorages-in-croatia 1
installing anchorages-in-croatia
launching
connection error occurred, restarting TimeoutException: Timed out after 47.8587651253 seconds

rebooting
forwarding
using port 62958
testing: anchorages-in-croatia 2
launching
testing: azote 1
installing azote
launching
launched
testing: azote 2
launching
testing: cover-browser 1
Marionette script error: NoSuchElementException: Unable to locate element: body
 running next test
restarting
rebooting
forwarding
using port 62991
testing: cover-browser 2
installing cover-browser
testing: datememe 1
installing datememe
launching
launched
testing: datememe 2
launching
launched
testing: calculator-13 1
installing calculator-13
launching
launched
testing: calculator-13 2
launching
launched
testing: texzilla-1 1
installing texzilla-1
launching
launched
testing: texzilla-1 2
launching
launched
testing: yoga-guide 1
installing yoga-guide
launching
launched
testing: yoga-guide 2
launching
launched
testing: decifras 1
installing decifras
launching
launched
testing: decifras 2
launching
launched
testing: explodi 1
installing explodi
launching
launched
testing: explodi 2
launching
launched
testing: chain-reaction-1 1
installing chain-reaction-1
launching
launched
testing: chain-reaction-1 2
launching
launched
testing: robots-fight 1
installing robots-fight
launching
launched
testing: robots-fight 2
launching
launched
testing: flipclock 1
installing flipclock
launching
testing: flipclock 2
launching
testing: 3doodler-2 1
installing 3doodler-2
launching
launched
testing: 3doodler-2 2
launching
launched
testing: space-jumper 1
installing space-jumper
launching
testing: space-jumper 2
Marionette script error: NoSuchElementException: Unable to locate element: body
 running next test
restarting
rebooting
forwarding
using port 63098
testing: tu-huerto 1
installing tu-huerto
testing: tu-huerto 2
installing tu-huerto
testing: zak-adventures-lite 1
installing zak-adventures-lite
launching
launched
testing: zak-adventures-lite 2
launching
launched
testing: horoscopo-dominical-1 1
installing horoscopo-dominical-1
launching
launched
testing: horoscopo-dominical-1 2
launching
launched
testing: sports-quiz-1 1
installing sports-quiz-1
testing: sports-quiz-1 2
installing sports-quiz-1
testing: memory-boost 1
installing memory-boost
launching
launched
testing: memory-boost 2
launching
launched
testing: chrono-1 1
installing chrono-1
launching
launched
testing: chrono-1 2
launching
launched
testing: foxydice 1
installing foxydice
testing: foxydice 2
installing foxydice
testing: dashboard 1
installing dashboard
launching
launched
testing: dashboard 2
launching
launched
testing: tu-descuentón 1
installing tu-descuentón
testing: tu-descuentón 2
installing tu-descuentón
testing: learning-is-fun 1
installing learning-is-fun
Marionette script error: StaleElementException: Stale element reference
 running next test
restarting
rebooting
forwarding
using port 63194
testing: learning-is-fun 2
installing learning-is-fun
launching
launched
testing: christmas-carol-lyrics 1
installing christmas-carol-lyrics
testing: christmas-carol-lyrics 2
installing christmas-carol-lyrics
testing: concerts 1
installing concerts
Marionette script error: StaleElementException: Stale element reference
 running next test
restarting
rebooting
forwarding
using port 63226
testing: concerts 2
installing concerts
launching
launched
testing: deposit-calculator 1
installing deposit-calculator
testing: deposit-calculator 2
installing deposit-calculator
launching
launched
testing: ibazar 1
installing ibazar
connection error occurred, restarting JavascriptException: AbortError
stacktrace:
	@, line 0


rebooting
forwarding
using port 63259
testing: ibazar 2
installing ibazar
launching
launched
testing: daily 1
installing daily
launching
launched
testing: daily 2
launching
launched
testing: osm 1
installing osm
testing: osm 2
installing osm
testing: fruit-salad 1
installing fruit-salad
launching
launched
testing: fruit-salad 2
launching
launched
testing: robo-corp 1
installing robo-corp
testing: robo-corp 2
installing robo-corp
testing: sol 1
installing sol
launching
launched
testing: sol 2
launching
launched
testing: monsterheads 1
installing monsterheads
launching
launched
testing: monsterheads 2
launching
launched
testing: healem-all-theres-a-cure-for-z 1
installing healem-all-theres-a-cure-for-z
testing: healem-all-theres-a-cure-for-z 2
installing healem-all-theres-a-cure-for-z
testing: fly-with-my-car-lite 1
installing fly-with-my-car-lite
launching
launched
testing: fly-with-my-car-lite 2
launching
launched
testing: cpmx4-the-game 1
installing cpmx4-the-game
launching
launched
testing: cpmx4-the-game 2
launching
launched
connection error occurred, restarting TimeoutException: Connection timed out

rebooting
forwarding
using port 63361
testing: o-livro-de-mozilla 1
installing o-livro-de-mozilla
testing: o-livro-de-mozilla 2
installing o-livro-de-mozilla
testing: love-calculator 1
installing love-calculator
launching
launched
testing: love-calculator 2
launching
launched
testing: arrow 1
installing arrow
testing: arrow 2
installing arrow
testing: shoot-the-stars 1
installing shoot-the-stars
launching
launched
testing: shoot-the-stars 2
launching
launched
testing: notes-3 1
installing notes-3
launching
launched
testing: notes-3 2
launching
launched
testing: counters 1
installing counters
testing: counters 2
installing counters
testing: party-games 1
installing party-games
launching
launched
testing: party-games 2
launching
launched
testing: kicker 1
installing kicker
testing: kicker 2
installing kicker
testing: cnn-méxico 1
installing cnn-méxico
Marionette script error: StaleElementException: Stale element reference
 running next test
restarting
rebooting
forwarding
using port 63452
testing: cnn-méxico 2
installing cnn-méxico
launching
testing: cineshowtime 1
Marionette script error: NoSuchElementException: Unable to locate element: body
 running next test
restarting
rebooting
forwarding
using port 63475
testing: cineshowtime 2
installing cineshowtime
launching
launched
testing: compare-prices 1
installing compare-prices
launching
launched
testing: compare-prices 2
launching
launched
testing: jelly-picnic 1
installing jelly-picnic
testing: jelly-picnic 2
installing jelly-picnic
testing: contraction-monitor 1
installing contraction-monitor
Marionette script error: StaleElementException: Stale element reference
 running next test
restarting
rebooting
forwarding
using port 63516
testing: contraction-monitor 2
installing contraction-monitor
launching
launched
testing: blappy-bat 1
installing blappy-bat
testing: blappy-bat 2
installing blappy-bat
testing: fofi 1
installing fofi
launching
launched
testing: fofi 2
launching
launched
testing: find-me 1
installing find-me
testing: find-me 2
installing find-me
testing: battery-3 1
installing battery-3
Marionette script error: StaleElementException: Stale element reference
 running next test
restarting
rebooting
forwarding
using port 63566
testing: battery-3 2
installing battery-3
Marionette script error: MarionetteException: Error loading page
 running next test
restarting
rebooting
forwarding
using port 63585
testing: checklist 1
installing checklist
launching
launched
testing: checklist 2
launching
launched
testing: pirate-slots 1
installing pirate-slots
launching
launched
testing: pirate-slots 2
launching
launched
testing: bubble-fish 1
installing bubble-fish
launching
launched
testing: bubble-fish 2
launching
launched
testing: interactive-periodic-table 1
installing interactive-periodic-table
testing: interactive-periodic-table 2
installing interactive-periodic-table
testing: bridge-it-first-1 1
installing bridge-it-first-1
launching
launched
testing: bridge-it-first-1 2
launching
launched
testing: xmas-fun 1
installing xmas-fun
launching
launched
testing: xmas-fun 2
launching
launched
testing: sunnshadow 1
installing sunnshadow
testing: sunnshadow 2
installing sunnshadow
testing: binary-game 1
installing binary-game
launching
launched
testing: binary-game 2
launching
launched
testing: omega-tarot 1
installing omega-tarot
testing: omega-tarot 2
installing omega-tarot
testing: formator 1
installing formator
Marionette script error: StaleElementException: Stale element reference
 running next test
restarting
rebooting
forwarding
using port 63681
testing: formator 2
installing formator
launching
launched
testing: packagetracker 1
installing packagetracker
testing: packagetracker 2
installing packagetracker
launching
launched
testing: drglearning 1
installing drglearning
launching
launched
testing: drglearning 2
launching
launched
testing: ezubi 1
installing ezubi
testing: ezubi 2
installing ezubi
testing: gerador-de-cpf 1
installing gerador-de-cpf
launching
launched
testing: gerador-de-cpf 2
launching
launched
testing: calculator-5 1
installing calculator-5
launching
launched
testing: calculator-5 2
launching
launched
testing: foxdo 1
installing foxdo
launching
launched
testing: foxdo 2
launching
launched
testing: flowers 1
installing flowers
testing: flowers 2
installing flowers
testing: conjugverbos-1 1
installing conjugverbos-1
Marionette script error: StaleElementException: Stale element reference
 running next test
restarting
rebooting
forwarding
using port 63760
testing: conjugverbos-1 2
installing conjugverbos-1
testing: groupeet 1
installing groupeet
launching
launched
testing: groupeet 2
launching
launched
testing: wetter-app 1
installing wetter-app
launching
launched
testing: wetter-app 2
launching
launched
testing: geeks-game 1
installing geeks-game
launching
launched
testing: geeks-game 2
launching
launched
testing: poptheblock 1
installing poptheblock
launching
testing: poptheblock 2
Marionette script error: MarionetteException: Please start a session
 running next test
restarting
rebooting
forwarding
using port 63816
testing: chronos-1 1
installing chronos-1
launching
launched
testing: chronos-1 2
launching
launched
connection error occurred, restarting TimeoutException: Connection timed out

rebooting
forwarding
using port 63839
testing: linkfox 1
installing linkfox
launching
launched
testing: linkfox 2
launching
launched
testing: working-time-1 1
installing working-time-1
testing: working-time-1 2
installing working-time-1
testing: pushpuzzle 1
installing pushpuzzle
launching
launched
testing: pushpuzzle 2
launching
launched
testing: soko-toko 1
installing soko-toko
testing: soko-toko 2
installing soko-toko
testing: popsy 1
installing popsy
launching
launched
testing: popsy 2
launching
launched
testing: john-vanorange 1
installing john-vanorange
testing: john-vanorange 2
installing john-vanorange
testing: animeasialyrics 1
installing animeasialyrics
Marionette script error: StaleElementException: Stale element reference
 running next test
restarting
rebooting
forwarding
using port 63908
testing: animeasialyrics 2
installing animeasialyrics
testing: qu4trocoisas 1
installing qu4trocoisas
launching
launched
testing: qu4trocoisas 2
launching
launched
testing: easy-shopping-list 1
installing easy-shopping-list
launching
launched
testing: easy-shopping-list 2
launching
launched
testing: emoviecons 1
installing emoviecons
testing: emoviecons 2
installing emoviecons
testing: kanatrainer 1
installing kanatrainer
launching
launched
testing: kanatrainer 2
launching
launched
testing: skyrim-map 1
installing skyrim-map
testing: skyrim-map 2
installing skyrim-map
testing: flip-munk 1
installing flip-munk
launching
launched
connection error occurred, restarting TimeoutException: Connection timed out

rebooting
forwarding
using port 63976
testing: flip-munk 2
launching
testing: alien-syncope 1
installing alien-syncope
launching
launched
testing: alien-syncope 2
launching
launched
testing: doner-kebab 1
installing doner-kebab
testing: doner-kebab 2
installing doner-kebab
testing: galileu 1
installing galileu
launching
launched
connection error occurred, restarting TimeoutException: Connection timed out

rebooting
forwarding
using port 64018
testing: galileu 2
launching
testing: simplecalc 1
installing simplecalc
launching
launched
testing: simplecalc 2
launching
launched
testing: shibumi-1 1
installing shibumi-1
testing: shibumi-1 2
installing shibumi-1
testing: tmz-mobile-web 1
installing tmz-mobile-web
launching
launched
testing: tmz-mobile-web 2
launching
launched
testing: bible-quoter 1
installing bible-quoter
testing: bible-quoter 2
installing bible-quoter
testing: flamengo-sportv 1
installing flamengo-sportv
launching
launched
testing: flamengo-sportv 2
launching
launched
testing: distant-orbit-1 1
installing distant-orbit-1
testing: distant-orbit-1 2
installing distant-orbit-1
testing: sos 1
installing sos
launching
launched
testing: sos 2
launching
launched
testing: snowman 1
installing snowman
launching
launched
testing: snowman 2
launching
launched
testing: são-paulo-sportv 1
installing são-paulo-sportv
testing: são-paulo-sportv 2
installing são-paulo-sportv
testing: dice-roller-1 1
installing dice-roller-1
Marionette script error: StaleElementException: Stale element reference
 running next test
restarting
rebooting
forwarding
using port 64119
testing: dice-roller-1 2
installing dice-roller-1
launching
launched
testing: truco-de-cartas 1
installing truco-de-cartas
testing: truco-de-cartas 2
installing truco-de-cartas
testing: easy-tic-tac-toe 1
installing easy-tic-tac-toe
launching
launched
testing: easy-tic-tac-toe 2
launching
launched
testing: twins-family 1
installing twins-family
launching
launched
testing: twins-family 2
launching
launched
testing: html-aide-1 1
installing html-aide-1
launching
launched
testing: html-aide-1 2
launching
launched
testing: firetodo 1
installing firetodo
testing: firetodo 2
installing firetodo
testing: tlc-1 1
installing tlc-1
launching
launched
testing: tlc-1 2
launching
launched
testing: timecom 1
installing timecom
testing: timecom 2
installing timecom
testing: random-riff 1
installing random-riff
launching
launched
testing: random-riff 2
launching
launched
testing: proxer-anime-und-manga 1
installing proxer-anime-und-manga
testing: proxer-anime-und-manga 2
installing proxer-anime-und-manga
testing: owncloudnews 1
installing owncloudnews
launching
launched
testing: owncloudnews 2
launching
launched
testing: office-inventory 1
installing office-inventory
testing: office-inventory 2
installing office-inventory
testing: graffito 1
installing graffito
Marionette script error: StaleElementException: Stale element reference
 running next test
restarting
rebooting
forwarding
using port 64237
testing: graffito 2
installing graffito
testing: 101-quotes 1
installing 101-quotes
launching
launched
testing: 101-quotes 2
launching
launched
testing: foxandcock 1
installing foxandcock
launching
testing: foxandcock 2
launching
testing: america-town 1
installing america-town
testing: america-town 2
installing america-town
testing: dímelo 1
installing dímelo
launching
launched
testing: dímelo 2
launching
launched
testing: kids-abc 1
installing kids-abc
testing: kids-abc 2
installing kids-abc
testing: notebook 1
installing notebook
launching
launched
testing: notebook 2
launching
launched
testing: subnet-tool 1
installing subnet-tool
launching
launched
testing: subnet-tool 2
launching
launched
testing: game-of-life-1 1
installing game-of-life-1
testing: game-of-life-1 2
installing game-of-life-1
testing: futeria 1
installing futeria
launching
launched
testing: futeria 2
launching
launched
testing: trive 1
installing trive
testing: trive 2
installing trive
testing: mav_menetrend 1
installing mav_menetrend
launching
launched
testing: mav_menetrend 2
launching
launched
testing: berries 1
installing berries
testing: berries 2
installing berries
testing: stay-fit 1
installing stay-fit
launching
launched
testing: stay-fit 2
launching
launched
testing: fox-sports-brasil 1
installing fox-sports-brasil
launching
launched
testing: fox-sports-brasil 2
launching
launched
testing: xmas-swap 1
installing xmas-swap
testing: xmas-swap 2
installing xmas-swap
testing: gotchamovies 1
installing gotchamovies
launching
launched
testing: gotchamovies 2
launching
launched
testing: designenc 1
installing designenc
testing: designenc 2
installing designenc
testing: foxyflames 1
installing foxyflames
Marionette script error: StaleElementException: Stale element reference
 running next test
restarting
rebooting
forwarding
using port 64405
testing: foxyflames 2
installing foxyflames
testing: honeycomb 1
installing honeycomb
launching
launched
testing: honeycomb 2
launching
launched
testing: dart-master 1
installing dart-master
launching
launched
testing: dart-master 2
launching
launched
testing: la-caixa 1
installing la-caixa
launching
launched
testing: la-caixa 2
launching
launched
testing: snif 1
installing snif
launching
launched
testing: snif 2
launching
launched
testing: numerology-1 1
installing numerology-1
launching
launched
connection error occurred, restarting TimeoutException: Connection timed out

rebooting
forwarding
using port 64465
testing: numerology-1 2
launching
testing: vatera 1
installing vatera
launching
launched
testing: vatera 2
launching
launched
testing: quizmagic 1
installing quizmagic
launching
testing: quizmagic 2
launching
testing: magic-pond-solitaire 1
Marionette script error: NoSuchElementException: Unable to locate element: body
 running next test
restarting
rebooting
forwarding
using port 64504
testing: magic-pond-solitaire 2
installing magic-pond-solitaire
testing: fireweather 1
installing fireweather
launching
launched
testing: fireweather 2
launching
launched
testing: smallstars 1
installing smallstars
launching
launched
testing: smallstars 2
launching
launched
testing: work-n-play 1
installing work-n-play
launching
launched
testing: work-n-play 2
launching
launched
testing: card 1
installing card
launching
launched
testing: card 2
launching
launched
connection error occurred, restarting TimeoutException: Connection timed out

rebooting
forwarding
using port 64557
testing: iball 1
installing iball
testing: iball 2
installing iball
testing: mmf 1
installing mmf
launching
launched
testing: mmf 2
launching
launched
testing: play-sltr 1
installing play-sltr
testing: play-sltr 2
installing play-sltr
testing: quem 1
installing quem
launching
connection error occurred, restarting TimeoutException: Connection timed out

rebooting
forwarding
using port 64603
testing: quem 2
launching
testing: postmo 1
installing postmo
launching
launched
testing: postmo 2
launching
launched
testing: raaga 1
installing raaga
testing: raaga 2
installing raaga
testing: usynth 1
installing usynth
Marionette script error: StaleElementException: Stale element reference
 running next test
restarting
rebooting
forwarding
using port 64642
testing: usynth 2
installing usynth
testing: roadgueys 1
installing roadgueys
launching
testing: roadgueys 2
launching
testing: bag-of-dice 1
Marionette script error: NoSuchElementException: Unable to locate element: body
 running next test
restarting
rebooting
forwarding
using port 64675
testing: bag-of-dice 2
installing bag-of-dice
testing: code-secret 1
installing code-secret
launching
launched
testing: code-secret 2
launching
launched
testing: vilanoise-tv 1
installing vilanoise-tv
launching
launched
testing: vilanoise-tv 2
launching
launched
testing: awesometasks 1
installing awesometasks
launching
launched
testing: awesometasks 2
launching
launched
testing: openchargemap 1
installing openchargemap
testing: openchargemap 2
installing openchargemap
testing: wiadomosci 1
installing wiadomosci
launching
launched
testing: wiadomosci 2
launching
launched
testing: namethatblue 1
installing namethatblue
testing: namethatblue 2
installing namethatblue
testing: flower-blast 1
installing flower-blast
launching
testing: flower-blast 2
Marionette script error: MarionetteException: Please start a session
 running next test
restarting
rebooting
forwarding
using port 64754
testing: calculator-20 1
installing calculator-20
launching
launched
testing: calculator-20 2
launching
launched
testing: jasmim 1
installing jasmim
testing: jasmim 2
installing jasmim
testing: zarautz 1
installing zarautz
Marionette script error: StaleElementException: Stale element reference
 running next test
restarting
rebooting
forwarding
using port 64791
testing: zarautz 2
installing zarautz
testing: m3 1
installing m3
launching
launched
testing: m3 2
launching
launched
testing: cargly 1
installing cargly
launching
launched
testing: cargly 2
launching
launched
testing: healthy-habit-tracker 1
installing healthy-habit-tracker
launching
launched
testing: healthy-habit-tracker 2
launching
launched
testing: shikaku-madness 1
installing shikaku-madness
testing: shikaku-madness 2
installing shikaku-madness
testing: angular 1
installing angular
launching
launched
testing: angular 2
launching
launched
testing: yelp 1
installing yelp
testing: yelp 2
installing yelp
testing: digi-crush 1
installing digi-crush
launching
testing: digi-crush 2
Marionette script error: InvalidResponseException: Could not communicate with Marionette server. Is the Gecko process still running?
 running next test
restarting
rebooting
forwarding
using port 64869
testing: battery-4 1
installing battery-4
launching
launched
testing: battery-4 2
launching
launched
testing: aljazeera-english 1
installing aljazeera-english
testing: aljazeera-english 2
installing aljazeera-english
testing: fruity-annie-1 1
installing fruity-annie-1
launching
launched
testing: fruity-annie-1 2
launching
launched
testing: disco-lights 1
installing disco-lights
launching
launched
testing: disco-lights 2
launching
launched
testing: chip-online 1
installing chip-online
launching
testing: chip-online 2
launching
testing: alfil-negro 1
Marionette script error: NoSuchElementException: Unable to locate element: body
 running next test
restarting
rebooting
forwarding
using port 64930
testing: alfil-negro 2
installing alfil-negro
Marionette script error: StaleElementException: Stale element reference
 running next test
restarting
rebooting
forwarding
using port 64949
testing: testurlove 1
installing testurlove
launching
launched
testing: testurlove 2
launching
launched
testing: timerx3 1
installing timerx3
testing: timerx3 2
installing timerx3
testing: medicos 1
installing medicos
Marionette script error: StaleElementException: Stale element reference
 running next test
restarting
rebooting
forwarding
using port 64987
testing: medicos 2
installing medicos
launching
launched
testing: intxorta 1
installing intxorta
launching
launched
testing: intxorta 2
launching
launched
testing: dangerous-sky 1
installing dangerous-sky
launching
launched
testing: dangerous-sky 2
launching
launched
testing: worldcube 1
installing worldcube
testing: worldcube 2
installing worldcube
testing: revista-wapa 1
installing revista-wapa
launching
launched
testing: revista-wapa 2
launching
launched
testing: lockerpulse 1
installing lockerpulse
testing: lockerpulse 2
installing lockerpulse
testing: x-exchange 1
installing x-exchange
launching
launched
testing: x-exchange 2
launching
launched
testing: rpn-calc 1
installing rpn-calc
launching
launched
testing: rpn-calc 2
launching
launched
testing: demotiv 1
installing demotiv
connection error occurred, restarting JavascriptException: AbortError
stacktrace:
	@, line 0


rebooting
forwarding
using port 65066
testing: demotiv 2
installing demotiv
launching
launched
testing: sniptweet 1
installing sniptweet
launching
launched
testing: sniptweet 2
launching
launched
testing: slithering 1
installing slithering
testing: slithering 2
installing slithering
testing: fox-runner 1
installing fox-runner
launching
launched
testing: fox-runner 2
launching
launched
testing: here-i-am 1
installing here-i-am
testing: here-i-am 2
installing here-i-am
testing: freeciv 1
installing freeciv
launching
testing: freeciv 2
launching
testing: through 1
Marionette script error: NoSuchElementException: Unable to locate element: body
 running next test
restarting
rebooting
forwarding
using port 65134
testing: through 2
installing through
testing: qlistic 1
installing qlistic
launching
launched
testing: qlistic 2
launching
launched
testing: friendfinder 1
installing friendfinder
testing: friendfinder 2
installing friendfinder
testing: mozmonument-1 1
installing mozmonument-1
Marionette script error: StaleElementException: Stale element reference
 running next test
restarting
rebooting
forwarding
using port 65173
testing: mozmonument-1 2
installing mozmonument-1
launching
testing: cavern-fighter 1
Marionette script error: MarionetteException: Please start a session
 running next test
restarting
rebooting
forwarding
using port 65198
testing: cavern-fighter 2
installing cavern-fighter
launching
launched
testing: open-way 1
installing open-way
launching
testing: open-way 2
launching
testing: zipchess 1
connection error occurred, restarting [Errno 32] Broken pipe: Connection to Marionette server is lost. Check gecko.log (desktop firefox) or logcat (b2g) for errors.
rebooting
forwarding
using port 65229
testing: zipchess 2
installing zipchess
launching
launched
testing: find-my-car 1
installing find-my-car
testing: find-my-car 2
installing find-my-car
testing: ramven-apps 1
installing ramven-apps
testing: ramven-apps 2
installing ramven-apps
testing: labor-finder 1
installing labor-finder
launching
launched
testing: labor-finder 2
launching
launched
testing: ubuntu-co 1
installing ubuntu-co
launching
launched
testing: ubuntu-co 2
launching
launched
testing: 3wtasks 1
installing 3wtasks
testing: 3wtasks 2
installing 3wtasks
testing: turkey-tumble 1
installing turkey-tumble
Marionette script error: StaleElementException: Stale element reference
 running next test
restarting
rebooting
forwarding
using port 65297
testing: turkey-tumble 2
installing turkey-tumble
testing: examen-mir 1
installing examen-mir
launching
launched
testing: examen-mir 2
launching
launched
testing: bessa 1
installing bessa
launching
launched
testing: bessa 2
launching
launched
testing: marbles 1
installing marbles
testing: marbles 2
installing marbles
testing: morse-vibrator 1
installing morse-vibrator
Marionette script error: StaleElementException: Stale element reference
 running next test
restarting
rebooting
forwarding
using port 65344
testing: morse-vibrator 2
installing morse-vibrator
testing: round-clock 1
installing round-clock
launching
launched
testing: round-clock 2
launching
launched
testing: bubble-wrap 1
installing bubble-wrap
testing: bubble-wrap 2
installing bubble-wrap
testing: untappd 1
installing untappd
launching
launched
testing: untappd 2
launching
launched
testing: connect-me-factory 1
installing connect-me-factory
launching
launched
testing: connect-me-factory 2
launching
launched
testing: 1linememo 1
installing 1linememo
launching
launched
testing: 1linememo 2
launching
launched
testing: sherlock-holmes-3 1
installing sherlock-holmes-3
testing: sherlock-holmes-3 2
installing sherlock-holmes-3
testing: harpa-cristã 1
installing harpa-cristã
launching
launched
testing: harpa-cristã 2
launching
launched
testing: perfect-heart-breaker 1
installing perfect-heart-breaker
testing: perfect-heart-breaker 2
installing perfect-heart-breaker
testing: countdown-timer-1 1
installing countdown-timer-1
launching
launched
testing: countdown-timer-1 2
launching
launched
testing: zbattery 1
installing zbattery
testing: zbattery 2
installing zbattery
testing: drunkzilla 1
installing drunkzilla
launching
launched
testing: drunkzilla 2
launching
launched
testing: kumoney 1
installing kumoney
connection error occurred, restarting JavascriptException: AbortError
stacktrace:
	@, line 0


rebooting
forwarding
using port 65461
testing: kumoney 2
installing kumoney
launching
launched
testing: moedict 1
installing moedict
launching
testing: moedict 2
launching
testing: budapesti-menetrend 1
Marionette script error: NoSuchElementException: Unable to locate element: body
 running next test
restarting
rebooting
forwarding
using port 65494
testing: budapesti-menetrend 2
installing budapesti-menetrend
testing: fox2go 1
installing fox2go
launching
launched
testing: fox2go 2
launching
launched
testing: space-dodger 1
installing space-dodger
testing: space-dodger 2
installing space-dodger
testing: studyflashcard 1
installing studyflashcard
launching
launched
testing: studyflashcard 2
launching
launched
testing: symphonical 1
installing symphonical
testing: symphonical 2
installing symphonical
testing: chinese-tutor 1
installing chinese-tutor
launching
testing: chinese-tutor 2
launching
testing: mahjong-battle 1
installing mahjong-battle
launching
launched
testing: mahjong-battle 2
launching
launched
testing: fun_learn 1
installing fun_learn
testing: fun_learn 2
installing fun_learn
testing: tricorder 1
installing tricorder
Marionette script error: StaleElementException: Stale element reference
 running next test
restarting
rebooting
forwarding
using port 49192
testing: tricorder 2
installing tricorder
launching
launched
testing: sc-calculator 1
installing sc-calculator
launching
launched
testing: sc-calculator 2
launching
launched
testing: pencile-drawing 1
installing pencile-drawing
testing: pencile-drawing 2
installing pencile-drawing
testing: cubecompass 1
installing cubecompass
Marionette script error: StaleElementException: Stale element reference
 running next test
restarting
rebooting
forwarding
using port 49233
testing: cubecompass 2
installing cubecompass
launching
launched
testing: fun-21-blackjack 1
installing fun-21-blackjack
launching
testing: fun-21-blackjack 2
launching
testing: radio-zet 1
installing radio-zet
launching
launched
testing: radio-zet 2
launching
launched
testing: corrente 1
installing corrente
testing: corrente 2
installing corrente
testing: planet-defense 1
installing planet-defense
launching
testing: planet-defense 2
connection error occurred, restarting TimeoutException: Connection timed out

rebooting
forwarding
using port 49287
testing: stopwatch-pronama-chan 1
installing stopwatch-pronama-chan
launching
launched
testing: stopwatch-pronama-chan 2
launching
launched
testing: peru-cookbook-1 1
installing peru-cookbook-1
launching
launched
testing: peru-cookbook-1 2
launching
launched
testing: variety 1
installing variety
testing: variety 2
installing variety
testing: professor-plums-fruit-squas 1
installing professor-plums-fruit-squas
Marionette script error: StaleElementException: Stale element reference
 running next test
restarting
rebooting
forwarding
using port 49331
testing: professor-plums-fruit-squas 2
installing professor-plums-fruit-squas
launching
testing: distance-from-me 1
installing distance-from-me
launching
launched
testing: distance-from-me 2
launching
launched
testing: clock-1 1
installing clock-1
testing: clock-1 2
installing clock-1
testing: fanpas 1
installing fanpas
launching
launched
testing: fanpas 2
launching
launched
testing: openpanzer 1
installing openpanzer
testing: openpanzer 2
installing openpanzer
testing: pocketalphabets 1
installing pocketalphabets
launching
launched
testing: pocketalphabets 2
launching
launched
testing: 5-in-a-row 1
installing 5-in-a-row
testing: 5-in-a-row 2
installing 5-in-a-row
testing: magically 1
installing magically
launching
launched
testing: magically 2
launching
launched
testing: hangman-2 1
installing hangman-2
launching
launched
testing: hangman-2 2
launching
launched
testing: choco-land 1
installing choco-land
testing: choco-land 2
installing choco-land
testing: furry-monster 1
installing furry-monster
launching
launched
testing: furry-monster 2
launching
launched
testing: mathbalance 1
installing mathbalance
launching
testing: mathbalance 2
launching
launched
testing: bible-reader 1
installing bible-reader
launching
testing: bible-reader 2
launching
testing: magicpoker 1
installing magicpoker
launching
launched
testing: magicpoker 2
launching
launched
testing: huffingtonpost 1
installing huffingtonpost
testing: huffingtonpost 2
installing huffingtonpost
testing: graphy 1
installing graphy
launching
launched
testing: graphy 2
launching
launched
testing: cinco-dias 1
installing cinco-dias
launching
testing: cinco-dias 2
launching
testing: cliqtalk 1
Marionette script error: NoSuchElementException: Unable to locate element: body
 running next test
restarting
rebooting
forwarding
using port 49490
testing: cliqtalk 2
installing cliqtalk
launching
launched
testing: memory-game 1
installing memory-game
testing: memory-game 2
installing memory-game
testing: flint-poker 1
installing flint-poker
Marionette script error: StaleElementException: Stale element reference
 running next test
restarting
rebooting
forwarding
using port 49521
testing: flint-poker 2
installing flint-poker
testing: minesweeper 1
installing minesweeper
launching
launched
testing: minesweeper 2
launching
launched
testing: stop-ex2 1
installing stop-ex2
testing: stop-ex2 2
installing stop-ex2
testing: brasil-cep 1
installing brasil-cep
launching
launched
testing: brasil-cep 2
launching
launched
testing: shopping-list 1
installing shopping-list
testing: shopping-list 2
installing shopping-list
testing: projeggt 1
installing projeggt
Marionette script error: StaleElementException: Stale element reference
 running next test
restarting
rebooting
forwarding
using port 49582
testing: projeggt 2
installing projeggt
launching
launched
Marionette script error: InvalidResponseException: Could not communicate with Marionette server. Is the Gecko process still running?
 running next test
restarting
rebooting
forwarding
using port 49601
testing: memos 1
installing memos
Marionette script error: StaleElementException: Stale element reference
 running next test
restarting
rebooting
forwarding
using port 49620
testing: memos 2
installing memos
testing: whiteboard 1
installing whiteboard
launching
launched
testing: whiteboard 2
launching
launched
testing: appster-one 1
installing appster-one
testing: appster-one 2
installing appster-one
testing: math-mania 1
installing math-mania
Marionette script error: StaleElementException: Stale element reference
 running next test
restarting
rebooting
forwarding
using port 49659
testing: math-mania 2
installing math-mania
launching
launched
testing: bmicalculator 1
installing bmicalculator
testing: bmicalculator 2
installing bmicalculator
testing: xmas-lines 1
installing xmas-lines
launching
launched
testing: xmas-lines 2
launching
launched
testing: tom 1
installing tom
testing: tom 2
installing tom
testing: skull-adventure 1
installing skull-adventure
launching
launched
testing: skull-adventure 2
launching
launched
testing: calc-by-lancio 1
installing calc-by-lancio
testing: calc-by-lancio 2
installing calc-by-lancio
testing: tip-calculator 1
installing tip-calculator
launching
launched
testing: tip-calculator 2
launching
launched
testing: click-n-boom 1
installing click-n-boom
testing: click-n-boom 2
installing click-n-boom
testing: message-damour 1
installing message-damour
Marionette script error: StaleElementException: Stale element reference
 running next test
restarting
rebooting
forwarding
using port 49743
testing: message-damour 2
installing message-damour
launching
launched
testing: magazinefeminina 1
installing magazinefeminina
testing: magazinefeminina 2
installing magazinefeminina
testing: stopwatch-timer 1
installing stopwatch-timer
launching
launched
testing: stopwatch-timer 2
launching
launched
testing: blocky-the-block 1
installing blocky-the-block
testing: blocky-the-block 2
installing blocky-the-block
testing: hoy-en-la-historia 1
installing hoy-en-la-historia
Marionette script error: StaleElementException: Stale element reference
 running next test
restarting
rebooting
forwarding
using port 49793
testing: hoy-en-la-historia 2
installing hoy-en-la-historia
launching
launched
testing: mad-runner 1
installing mad-runner
testing: mad-runner 2
installing mad-runner
testing: my-beatles 1
installing my-beatles
launching
launched
testing: my-beatles 2
launching
launched
testing: cbreaker46 1
installing cbreaker46
testing: cbreaker46 2
installing cbreaker46
testing: zairons-firefox-os-keygenme 1
installing zairons-firefox-os-keygenme
launching
launched
testing: zairons-firefox-os-keygenme 2
launching
launched
testing: aquador 1
installing aquador
testing: aquador 2
installing aquador
testing: age-calculator-1 1
installing age-calculator-1
launching
launched
testing: age-calculator-1 2
launching
launched
testing: gp-tools 1
installing gp-tools
testing: gp-tools 2
installing gp-tools
testing: highway-rush 1
installing highway-rush
Marionette script error: StaleElementException: Stale element reference
 running next test
restarting
rebooting
forwarding
using port 49875
testing: highway-rush 2
installing highway-rush
launching
launched
testing: origo 1
installing origo
launching
launched
testing: origo 2
launching
launched
testing: simbolos-3 1
installing simbolos-3
launching
launched
testing: simbolos-3 2
launching
launched
testing: psneo-beta 1
installing psneo-beta
testing: psneo-beta 2
installing psneo-beta
testing: html-mobile 1
installing html-mobile
launching
launched
testing: html-mobile 2
launching
launched
testing: face-value 1
installing face-value
testing: face-value 2
installing face-value
testing: imc-2 1
installing imc-2
testing: imc-2 2
installing imc-2
launching
launched
testing: gisthub 1
installing gisthub
testing: gisthub 2
installing gisthub
testing: noxnebula 1
installing noxnebula
launching
launched
testing: noxnebula 2
launching
launched
testing: granufunk 1
installing granufunk
testing: granufunk 2
installing granufunk
testing: dogfeed 1
installing dogfeed
Marionette script error: StaleElementException: Stale element reference
 running next test
restarting
rebooting
forwarding
using port 49977
testing: dogfeed 2
installing dogfeed
launching
launched
testing: word-edge 1
installing word-edge
launching
testing: word-edge 2
Marionette script error: MarionetteException: Please start a session
 running next test
restarting
rebooting
forwarding
using port 50004
testing: yaencontre 1
installing yaencontre
Marionette script error: StaleElementException: Stale element reference
 running next test
restarting
rebooting
forwarding
using port 50023
testing: yaencontre 2
installing yaencontre
testing: reloj 1
installing reloj
launching
launched
testing: reloj 2
launching
launched
testing: kitchen-timer 1
installing kitchen-timer
launching
launched
testing: kitchen-timer 2
launching
launched
testing: real-soccer 1
installing real-soccer
testing: real-soccer 2
installing real-soccer
testing: battery-status-1 1
installing battery-status-1
launching
launched
testing: battery-status-1 2
launching
launched
testing: ilite 1
installing ilite
testing: ilite 2
installing ilite
testing: animixr 1
installing animixr
launching
testing: animixr 2
launching
testing: lider-en-deportes 1
installing lider-en-deportes
testing: lider-en-deportes 2
installing lider-en-deportes
testing: radio-hyrule-unofficial 1
installing radio-hyrule-unofficial
launching
launched
testing: radio-hyrule-unofficial 2
launching
launched
testing: body-fat-percentage-calcula 1
installing body-fat-percentage-calcula
testing: body-fat-percentage-calcula 2
installing body-fat-percentage-calcula
testing: dc-bike-finder 1
installing dc-bike-finder
launching
launched
testing: dc-bike-finder 2
launching
launched
testing: sur5 1
installing sur5
connection error occurred, restarting JavascriptException: AbortError
stacktrace:
	@, line 0


rebooting
forwarding
using port 50131
testing: sur5 2
installing sur5
launching
launched
testing: rezolutie 1
installing rezolutie
testing: rezolutie 2
installing rezolutie
testing: otecat 1
installing otecat
Marionette script error: StaleElementException: Stale element reference
 running next test
restarting
rebooting
forwarding
using port 50165
testing: otecat 2
installing otecat
launching
launched
testing: luna 1
installing luna
launching
launched
testing: luna 2
launching
launched
testing: winbeta 1
installing winbeta
testing: winbeta 2
installing winbeta
testing: rastreador-correios 1
installing rastreador-correios
Marionette script error: StaleElementException: Stale element reference
 running next test
restarting
rebooting
forwarding
using port 50205
testing: rastreador-correios 2
installing rastreador-correios
testing: sportpl 1
installing sportpl
launching
launched
testing: sportpl 2
launching
launched
testing: erasmo-carlos 1
installing erasmo-carlos
testing: erasmo-carlos 2
installing erasmo-carlos
testing: flashlight-1 1
installing flashlight-1
launching
launched
testing: flashlight-1 2
launching
launched
testing: unit-converter 1
installing unit-converter
testing: unit-converter 2
installing unit-converter
testing: bible-history 1
installing bible-history
testing: bible-history 2
installing bible-history
testing: katagana 1
installing katagana
launching
launched
testing: katagana 2
launching
launched
testing: resistor-calculator-1 1
installing resistor-calculator-1
testing: resistor-calculator-1 2
installing resistor-calculator-1
testing: quecomprar 1
installing quecomprar
Marionette script error: StaleElementException: Stale element reference
 running next test
restarting
rebooting
forwarding
using port 50290
testing: quecomprar 2
installing quecomprar
testing: pomodorino 1
installing pomodorino
launching
launched
testing: pomodorino 2
launching
launched
testing: stock-charts 1
installing stock-charts
testing: stock-charts 2
installing stock-charts
testing: fidorss 1
installing fidorss
Marionette script error: StaleElementException: Stale element reference
 running next test
restarting
rebooting
forwarding
using port 50332
testing: fidorss 2
installing fidorss
launching
launched
testing: polistweet 1
installing polistweet
testing: polistweet 2
installing polistweet
testing: empleos-urgentes 1
installing empleos-urgentes
Marionette script error: StaleElementException: Stale element reference
 running next test
restarting
rebooting
forwarding
using port 50363
testing: empleos-urgentes 2
installing empleos-urgentes
testing: firesquare 1
installing firesquare
launching
launched
testing: firesquare 2
launching
launched
testing: fl-calendar 1
installing fl-calendar
testing: fl-calendar 2
installing fl-calendar
testing: cstraffic 1
installing cstraffic
testing: cstraffic 2
installing cstraffic
testing: simple-calculator 1
installing simple-calculator
launching
launched
testing: simple-calculator 2
launching
launched
testing: firecubetimer 1
installing firecubetimer
launching
launched
testing: firecubetimer 2
launching
launched
testing: mecca 1
installing mecca
testing: mecca 2
installing mecca
testing: br-apps 1
installing br-apps
testing: br-apps 2
installing br-apps
testing: paddlefox 1
installing paddlefox
launching
launched
testing: paddlefox 2
launching
launched
testing: roulette-1 1
installing roulette-1
connection error occurred, restarting JavascriptException: AbortError
stacktrace:
	@, line 0


rebooting
forwarding
using port 50460
testing: roulette-1 2
installing roulette-1
testing: proximity 1
installing proximity
launching
launched
testing: proximity 2
launching
launched
testing: br-com-radio-gazeta-fm 1
installing br-com-radio-gazeta-fm
testing: br-com-radio-gazeta-fm 2
installing br-com-radio-gazeta-fm
testing: learncode 1
installing learncode
Marionette script error: StaleElementException: Stale element reference
 running next test
restarting
rebooting
forwarding
using port 50500
testing: learncode 2
installing learncode
launching
launched
testing: shes-angry 1
installing shes-angry
testing: shes-angry 2
installing shes-angry
testing: magic-life-counter 1
installing magic-life-counter
launching
launched
testing: magic-life-counter 2
launching
launched
testing: bubblepop 1
installing bubblepop
testing: bubblepop 2
installing bubblepop
testing: mondrago 1
installing mondrago
testing: mondrago 2
installing mondrago
testing: satang 1
installing satang
launching
launched
testing: satang 2
launching
launched
connection error occurred, restarting TimeoutException: Connection timed out

rebooting
forwarding
using port 50565
testing: mileycyrus 1
installing mileycyrus
launching
launched
testing: mileycyrus 2
launching
launched
testing: memory-match-for-kids 1
installing memory-match-for-kids
testing: memory-match-for-kids 2
installing memory-match-for-kids
launching
launched
testing: lucid 1
installing lucid
launching
launched
testing: lucid 2
launching
launched
testing: trast-10demo 1
installing trast-10demo
testing: trast-10demo 2
installing trast-10demo
testing: flames-2 1
installing flames-2
launching
launched
testing: flames-2 2
launching
launched
testing: solitaire-1 1
installing solitaire-1
testing: solitaire-1 2
installing solitaire-1
testing: envi-1 1
installing envi-1
testing: envi-1 2
installing envi-1
testing: word-maestro 1
installing word-maestro
Marionette script error: StaleElementException: Stale element reference
 running next test
restarting
rebooting
forwarding
using port 50644
testing: word-maestro 2
installing word-maestro
Marionette script error: MarionetteException: Error loading page
 running next test
restarting
rebooting
forwarding
using port 50664
testing: appifa 1
Marionette script error: NoSuchElementException: Unable to locate element: body
 running next test
restarting
rebooting
forwarding
using port 50684
testing: appifa 2
installing appifa
Marionette script error: StaleElementException: Stale element reference
 running next test
restarting
rebooting
forwarding
using port 50703
testing: russify 1
installing russify
testing: russify 2
installing russify
testing: youpickit 1
installing youpickit
launching
launched
testing: youpickit 2
launching
launched
testing: sneekt-note-app 1
installing sneekt-note-app
testing: sneekt-note-app 2
installing sneekt-note-app
testing: band-name-generator 1
installing band-name-generator
launching
launched
testing: band-name-generator 2
launching
launched
testing: metro-df 1
installing metro-df
testing: metro-df 2
installing metro-df
testing: bubbles-fun-1 1
installing bubbles-fun-1
testing: bubbles-fun-1 2
installing bubbles-fun-1
testing: grocery 1
installing grocery
testing: grocery 2
installing grocery
testing: 4-kép-1-szó 1
installing 4-kép-1-szó
testing: 4-kép-1-szó 2
installing 4-kép-1-szó
testing: word-up 1
installing word-up
testing: word-up 2
installing word-up
testing: info-dolar 1
installing info-dolar
testing: info-dolar 2
installing info-dolar
launching
launched
testing: resistors 1
installing resistors
launching
launched
testing: resistors 2
launching
launched
testing: quacky-mcfly 1
installing quacky-mcfly
launching
testing: quacky-mcfly 2
launching
testing: dwv 1
installing dwv
Marionette script error: InvalidResponseException: Could not communicate with Marionette server. Is the Gecko process still running?
 running next test
restarting
rebooting
forwarding
using port 50824
testing: dwv 2
installing dwv
launching
launched
testing: megaquizz 1
installing megaquizz
testing: megaquizz 2
installing megaquizz
testing: autobo 1
installing autobo
Marionette script error: StaleElementException: Stale element reference
 running next test
restarting
rebooting
forwarding
using port 50857
testing: autobo 2
installing autobo
launching
testing: appstyle 1
installing appstyle
launching
launched
testing: appstyle 2
launching
launched
connection error occurred, restarting TimeoutException: Connection timed out

rebooting
forwarding
using port 50885
testing: signature 1
installing signature
testing: signature 2
installing signature
testing: ohmetro-1 1
installing ohmetro-1
launching
launched
testing: ohmetro-1 2
launching
launched
testing: dream-facts 1
installing dream-facts
testing: dream-facts 2
installing dream-facts
testing: stopwatch-5 1
installing stopwatch-5
launching
launched
testing: stopwatch-5 2
launching
launched
testing: fmcafe 1
installing fmcafe
testing: fmcafe 2
installing fmcafe
testing: marie-claire-brasil 1
installing marie-claire-brasil
launching
testing: marie-claire-brasil 2
launching
testing: ligacolombiana 1
installing ligacolombiana
testing: ligacolombiana 2
installing ligacolombiana
testing: pwdhash 1
installing pwdhash
launching
launched
testing: pwdhash 2
launching
launched
testing: memorissibon 1
installing memorissibon
testing: memorissibon 2
installing memorissibon
testing: snackbar 1
installing snackbar
testing: snackbar 2
installing snackbar
testing: otp-authenticator 1
installing otp-authenticator
testing: otp-authenticator 2
installing otp-authenticator
testing: candy-time 1
installing candy-time
testing: candy-time 2
installing candy-time
testing: draw-yeah 1
installing draw-yeah
testing: draw-yeah 2
installing draw-yeah
testing: mscorecard 1
installing mscorecard
launching
testing: mscorecard 2
launching
testing: beautypuzzle 1
installing beautypuzzle
testing: beautypuzzle 2
installing beautypuzzle
testing: wootocracy 1
installing wootocracy
testing: wootocracy 2
installing wootocracy
launching
launched
testing: indirect 1
installing indirect
launching
testing: indirect 2
launching
testing: prynotes 1
Marionette script error: NoSuchElementException: Unable to locate element: body
 running next test
restarting
rebooting
forwarding
using port 51051
testing: prynotes 2
installing prynotes
testing: qibla-location 1
installing qibla-location
launching
launched
testing: qibla-location 2
launching
launched
testing: el-universal 1
installing el-universal
testing: el-universal 2
installing el-universal
testing: fire-daft 1
installing fire-daft
launching
launched
testing: fire-daft 2
launching
launched
testing: guiamais 1
installing guiamais
testing: guiamais 2
installing guiamais
testing: is-there-a-giants-game-toda 1
installing is-there-a-giants-game-toda
launching
launched
testing: is-there-a-giants-game-toda 2
launching
launched
testing: quotes 1
installing quotes
testing: quotes 2
installing quotes
testing: przelicznik-1 1
installing przelicznik-1
testing: przelicznik-1 2
installing przelicznik-1
testing: calculator-16 1
installing calculator-16
testing: calculator-16 2
installing calculator-16
testing: proud-fsa-1 1
installing proud-fsa-1
testing: proud-fsa-1 2
installing proud-fsa-1
testing: checkin 1
installing checkin
testing: checkin 2
installing checkin
testing: mlb-scoreboard 1
installing mlb-scoreboard
launching
launched
testing: mlb-scoreboard 2
launching
launched
testing: xkcd-viewer 1
installing xkcd-viewer
testing: xkcd-viewer 2
installing xkcd-viewer
testing: imdb 1
installing imdb
testing: imdb 2
installing imdb
testing: ali-baba-hog-pt-free 1
installing ali-baba-hog-pt-free
testing: ali-baba-hog-pt-free 2
installing ali-baba-hog-pt-free
testing: rcalc 1
installing rcalc
launching
launched
testing: rcalc 2
launching
launched
connection error occurred, restarting TimeoutException: Connection timed out

rebooting
forwarding
using port 51195
testing: barva 1
installing barva
launching
launched
testing: barva 2
launching
launched
testing: coffeemapp 1
installing coffeemapp
testing: coffeemapp 2
installing coffeemapp
testing: carrier-info 1
installing carrier-info
launching
launched
testing: carrier-info 2
launching
launched
testing: saytone 1
installing saytone
testing: saytone 2
installing saytone
testing: shuffl 1
installing shuffl
Marionette script error: StaleElementException: Stale element reference
 running next test
restarting
rebooting
forwarding
using port 51249
testing: shuffl 2
installing shuffl
Marionette script error: StaleElementException: Stale element reference
 running next test
restarting
rebooting
forwarding
using port 51269
testing: brainvita 1
installing brainvita
launching
launched
testing: brainvita 2
launching
launched
testing: pgu-play 1
installing pgu-play
launching
launched
testing: pgu-play 2
launching
launched
testing: spaceworm 1
installing spaceworm
testing: spaceworm 2
installing spaceworm
testing: four-in-line 1
installing four-in-line
testing: four-in-line 2
installing four-in-line
testing: breakout1 1
installing breakout1
launching
launched
testing: breakout1 2
launching
launched
testing: farmlines 1
installing farmlines
testing: farmlines 2
installing farmlines
testing: saalat-time 1
installing saalat-time
launching
launched
testing: saalat-time 2
launching
launched
testing: hacker-news 1
installing hacker-news
testing: hacker-news 2
installing hacker-news
testing: oxo-morpion 1
installing oxo-morpion
launching
launched
testing: oxo-morpion 2
launching
launched
testing: crazy-electr 1
installing crazy-electr
testing: crazy-electr 2
installing crazy-electr
testing: route-ânâ-about 1
installing route-ânâ-about
launching
testing: route-ânâ-about 2
launching
testing: lunar-pal 1
installing lunar-pal
testing: lunar-pal 2
installing lunar-pal
testing: life 1
installing life
testing: life 2
installing life
testing: osm-hunter 1
installing osm-hunter
testing: osm-hunter 2
installing osm-hunter
testing: theoutlinerofgiants 1
installing theoutlinerofgiants
launching
launched
testing: theoutlinerofgiants 2
launching
launched
testing: hexacolor 1
installing hexacolor
testing: hexacolor 2
installing hexacolor
testing: coodrinate-geometry 1
installing coodrinate-geometry
testing: coodrinate-geometry 2
installing coodrinate-geometry
testing: windy-ping 1
installing windy-ping
launching
launched
Marionette script error: InvalidResponseException: Could not communicate with Marionette server. Is the Gecko process still running?
 running next test
restarting
rebooting
forwarding
using port 51433
testing: windy-ping 2
launching
testing: feb-the-14 1
installing feb-the-14
testing: feb-the-14 2
installing feb-the-14
testing: skroutz 1
installing skroutz
testing: skroutz 2
installing skroutz
launching
launched
testing: spacestationfinder 1
installing spacestationfinder
